2010-12-25 02:03:45 Warning: Warning (512): <span style="color:Red;text-align:left"><b>SQL Error:</b> 1066: Not unique table/alias: 'Post'</span> in [/Users/finngrimwood/Sites/MB/cake/libs/model/datasources/dbo_source.php, line 684]
2010-12-25 02:03:45 Warning: Warning (2): Invalid argument supplied for foreach() in [/Users/finngrimwood/Sites/MB/app/views/posts/index.ctp, line 16]
2010-12-25 02:19:16 Warning: Warning (2): array_key_exists() expects exactly 2 parameters, 1 given in [/Users/finngrimwood/Sites/MB/cake/libs/model/app_model.php, line 39]
2010-12-25 02:35:12 Warning: Warning (2): array_key_exists() expects exactly 2 parameters, 1 given in [/Users/finngrimwood/Sites/MB/cake/libs/model/app_model.php, line 46]
2010-12-25 03:00:23 Warning: Warning (2): array_key_exists() expects parameter 2 to be array, null given in [/Users/finngrimwood/Sites/MB/app/models/behaviors/loggable.php, line 7]
2010-12-25 03:00:43 Warning: Warning (2): array_key_exists() expects parameter 2 to be array, null given in [/Users/finngrimwood/Sites/MB/app/models/behaviors/loggable.php, line 9]
2010-12-25 03:01:19 Warning: Warning (2): array_key_exists() expects parameter 2 to be array, null given in [/Users/finngrimwood/Sites/MB/app/models/behaviors/loggable.php, line 9]
2010-12-25 03:02:37 Warning: Warning (2): array_key_exists() expects parameter 2 to be array, null given in [/Users/finngrimwood/Sites/MB/app/models/behaviors/loggable.php, line 9]
2010-12-27 21:10:48 Warning: Warning (512): <span style="color:Red;text-align:left"><b>SQL Error:</b> 1064: You have an error in your SQL syntax; check the manual that corresponds to your MySQL server version for the right syntax to use near '' at line 1</span> in [/Users/finngrimwood/Sites/MB/cake/libs/model/datasources/dbo_source.php, line 684]
2010-12-27 21:10:48 Warning: Warning (2): Invalid argument supplied for foreach() in [/Users/finngrimwood/Sites/MB/cake/libs/model/datasources/dbo/dbo_mysql.php, line 127]
2010-12-27 21:10:48 Warning: Warning (2): Invalid argument supplied for foreach() in [/Users/finngrimwood/Sites/MB/cake/libs/model/model.php, line 1088]
2010-12-27 22:48:23 Warning: Warning (2): Cannot modify header information - headers already sent by (output started at /Users/finngrimwood/Sites/MB/cake/basics.php:355) in [/Users/finngrimwood/Sites/MB/cake/libs/controller/controller.php, line 746]
2010-12-27 23:17:05 Warning: Warning (2): Invalid argument supplied for foreach() in [/Users/finngrimwood/Sites/MB/app/views/helpers/permission.php, line 9]
2010-12-27 23:17:29 Warning: Warning (2): Invalid argument supplied for foreach() in [/Users/finngrimwood/Sites/MB/app/views/helpers/permission.php, line 9]
2010-12-27 23:20:24 Warning: Warning (2): Invalid argument supplied for foreach() in [/Users/finngrimwood/Sites/MB/cake/libs/controller/app_controller.php, line 56]
2010-12-27 23:20:37 Warning: Warning (2): Invalid argument supplied for foreach() in [/Users/finngrimwood/Sites/MB/cake/libs/controller/app_controller.php, line 56]
2010-12-27 23:21:26 Warning: Warning (2): Invalid argument supplied for foreach() in [/Users/finngrimwood/Sites/MB/cake/libs/controller/app_controller.php, line 56]
2010-12-27 23:21:26 Warning: Warning (2): Invalid argument supplied for foreach() in [/Users/finngrimwood/Sites/MB/cake/libs/controller/app_controller.php, line 56]
2010-12-27 23:21:27 Warning: Warning (2): Invalid argument supplied for foreach() in [/Users/finngrimwood/Sites/MB/cake/libs/controller/app_controller.php, line 56]
2010-12-27 23:33:46 Warning: Warning (2): Invalid argument supplied for foreach() in [/Users/finngrimwood/Sites/MB/app/controllers/components/permission.php, line 24]
2010-12-27 23:33:46 Warning: Warning (2): Cannot modify header information - headers already sent by (output started at /Users/finngrimwood/Sites/MB/cake/libs/debugger.php:673) in [/Users/finngrimwood/Sites/MB/cake/libs/controller/controller.php, line 746]
2010-12-27 23:34:03 Warning: Warning (2): Invalid argument supplied for foreach() in [/Users/finngrimwood/Sites/MB/app/controllers/components/permission.php, line 25]
2010-12-27 23:34:03 Warning: Warning (2): Cannot modify header information - headers already sent by (output started at /Users/finngrimwood/Sites/MB/cake/libs/debugger.php:673) in [/Users/finngrimwood/Sites/MB/cake/libs/controller/controller.php, line 746]
2010-12-28 00:02:32 Warning: Warning (512): <span style="color:Red;text-align:left"><b>SQL Error:</b> 1066: Not unique table/alias: 'Menu'</span> in [/Users/finngrimwood/Sites/MB/cake/libs/model/datasources/dbo_source.php, line 684]
2010-12-28 00:07:10 Warning: Warning (512): <span style="color:Red;text-align:left"><b>SQL Error:</b> 1066: Not unique table/alias: 'Link'</span> in [/Users/finngrimwood/Sites/MB/cake/libs/model/datasources/dbo_source.php, line 684]
2010-12-28 00:07:10 Warning: Warning (2): Invalid argument supplied for foreach() in [/Users/finngrimwood/Sites/MB/app/views/links/index.ctp, line 14]
2010-12-28 01:54:29 Warning: Warning (2): Cannot modify header information - headers already sent by (output started at /Users/finngrimwood/Sites/MB/cake/libs/debugger.php:673) in [/Users/finngrimwood/Sites/MB/cake/libs/controller/controller.php, line 746]
2010-12-28 01:56:00 Warning: Warning (2): Cannot modify header information - headers already sent by (output started at /Users/finngrimwood/Sites/MB/cake/libs/debugger.php:673) in [/Users/finngrimwood/Sites/MB/cake/libs/controller/controller.php, line 746]
2010-12-28 01:57:02 Warning: Warning (2): Cannot modify header information - headers already sent by (output started at /Users/finngrimwood/Sites/MB/cake/libs/debugger.php:673) in [/Users/finngrimwood/Sites/MB/cake/libs/controller/controller.php, line 746]
2010-12-28 02:41:34 Warning: Warning (512): <span style="color:Red;text-align:left"><b>SQL Error:</b> 1066: Not unique table/alias: 'Link'</span> in [/Users/finngrimwood/Sites/MB/cake/libs/model/datasources/dbo_source.php, line 684]
2010-12-28 02:41:34 Warning: Warning (2): Invalid argument supplied for foreach() in [/Users/finngrimwood/Sites/MB/app/views/links/index.ctp, line 15]
2010-12-28 03:58:53 Warning: Warning (2): Missing argument 2 for PermissionsHelper::check(), called in /Users/finngrimwood/Sites/MB/app/views/elements/menu.ctp on line 8 and defined in [/Users/finngrimwood/Sites/MB/app/views/helpers/permissions.php, line 6]
2010-12-28 03:58:53 Warning: Warning (2): Invalid argument supplied for foreach() in [/Users/finngrimwood/Sites/MB/app/views/helpers/permissions.php, line 9]
2010-12-28 13:00:33 Warning: Warning (2): Invalid argument supplied for foreach() in [/Users/finngrimwood/Sites/MB/app/views/helpers/permissions.php, line 9]
2010-12-28 13:01:56 Warning: Warning (2): Invalid argument supplied for foreach() in [/Users/finngrimwood/Sites/MB/app/views/helpers/permissions.php, line 9]
2010-12-28 17:27:39 Warning: Warning (2): Invalid argument supplied for foreach() in [/Users/finngrimwood/Sites/MB/app/views/elements/menu.ctp, line 3]
2010-12-28 17:29:52 Warning: Warning (2): Invalid argument supplied for foreach() in [/Users/finngrimwood/Sites/MB/app/views/elements/menu.ctp, line 3]
2010-12-28 18:14:08 Warning: Warning (2): Invalid argument supplied for foreach() in [/Users/finngrimwood/Sites/MB/app/views/elements/menu.ctp, line 3]
2010-12-28 18:40:27 Warning: Warning (2): Invalid argument supplied for foreach() in [/Users/finngrimwood/Sites/MB/app/views/elements/menu.ctp, line 3]
2010-12-28 18:58:24 Warning: Warning (2): Invalid argument supplied for foreach() in [/Users/finngrimwood/Sites/MB/app/views/elements/menu.ctp, line 3]
2010-12-28 19:18:46 Warning: Warning (2): Invalid argument supplied for foreach() in [/Users/finngrimwood/Sites/MB/app/views/elements/menu.ctp, line 4]
2010-12-28 19:20:00 Warning: Warning (2): Invalid argument supplied for foreach() in [/Users/finngrimwood/Sites/MB/app/views/elements/menu.ctp, line 4]
2010-12-28 19:20:20 Warning: Warning (2): Invalid argument supplied for foreach() in [/Users/finngrimwood/Sites/MB/app/views/elements/menu.ctp, line 4]
2010-12-28 19:20:21 Warning: Warning (2): Invalid argument supplied for foreach() in [/Users/finngrimwood/Sites/MB/app/views/elements/menu.ctp, line 4]
2010-12-28 19:38:30 Warning: Warning (2): Invalid argument supplied for foreach() in [/Users/finngrimwood/Sites/MB/app/views/elements/menu.ctp, line 4]
2010-12-28 19:38:37 Warning: Warning (2): Invalid argument supplied for foreach() in [/Users/finngrimwood/Sites/MB/app/views/elements/menu.ctp, line 4]
2010-12-28 19:39:07 Warning: Warning (2): Invalid argument supplied for foreach() in [/Users/finngrimwood/Sites/MB/app/views/elements/menu.ctp, line 4]
2010-12-28 19:39:11 Warning: Warning (2): Invalid argument supplied for foreach() in [/Users/finngrimwood/Sites/MB/app/views/helpers/permissions.php, line 9]
2010-12-28 19:40:26 Warning: Warning (2): Invalid argument supplied for foreach() in [/Users/finngrimwood/Sites/MB/app/views/elements/menu.ctp, line 4]
2010-12-28 22:22:46 Warning: Warning (2): Invalid argument supplied for foreach() in [/Users/finngrimwood/Sites/MB/app/views/elements/menu.ctp, line 4]
2010-12-28 22:23:35 Warning: Warning (2): Invalid argument supplied for foreach() in [/Users/finngrimwood/Sites/MB/app/views/elements/menu.ctp, line 4]
2010-12-29 00:31:38 Warning: Warning (2): Invalid argument supplied for foreach() in [/Users/finngrimwood/Sites/MB/app/views/elements/menu.ctp, line 4]
2010-12-29 00:41:44 Warning: Warning (2): Invalid argument supplied for foreach() in [/Users/finngrimwood/Sites/MB/app/views/elements/menu.ctp, line 4]
2010-12-29 00:50:21 Warning: Warning (2): Invalid argument supplied for foreach() in [/Users/finngrimwood/Sites/MB/app/views/elements/menu.ctp, line 4]
2010-12-29 01:04:47 Warning: Warning (2): Invalid argument supplied for foreach() in [/Users/finngrimwood/Sites/MB/app/views/elements/menu.ctp, line 4]
2010-12-29 01:10:18 Warning: Warning (2): Invalid argument supplied for foreach() in [/Users/finngrimwood/Sites/MB/app/views/elements/menu.ctp, line 4]
2010-12-29 02:18:23 Warning: Warning (512): <span style="color:Red;text-align:left"><b>SQL Error:</b> 1064: You have an error in your SQL syntax; check the manual that corresponds to your MySQL server version for the right syntax to use near ''id'=0 where 'id'=4' at line 1</span> in [/Users/finngrimwood/Sites/MB/cake/libs/model/datasources/dbo_source.php, line 684]
2010-12-29 13:57:45 Warning: Warning (512): <span style="color:Red;text-align:left"><b>SQL Error:</b> 1052: Column 'id' in order clause is ambiguous</span> in [/Users/finngrimwood/Sites/MB/cake/libs/model/datasources/dbo_source.php, line 684]
2010-12-29 13:57:45 Warning: Warning (2): Cannot modify header information - headers already sent by (output started at /Users/finngrimwood/Sites/MB/cake/libs/debugger.php:673) in [/Users/finngrimwood/Sites/MB/cake/libs/controller/controller.php, line 746]
2010-12-29 13:58:31 Warning: Warning (512): <span style="color:Red;text-align:left"><b>SQL Error:</b> 1054: Unknown column 'Linkid' in 'order clause'</span> in [/Users/finngrimwood/Sites/MB/cake/libs/model/datasources/dbo_source.php, line 684]
2010-12-29 13:58:31 Warning: Warning (2): Cannot modify header information - headers already sent by (output started at /Users/finngrimwood/Sites/MB/cake/libs/debugger.php:673) in [/Users/finngrimwood/Sites/MB/cake/libs/controller/controller.php, line 746]
2010-12-29 13:59:47 Warning: Warning (512): <span style="color:Red;text-align:left"><b>SQL Error:</b> 1064: You have an error in your SQL syntax; check the manual that corresponds to your MySQL server version for the right syntax to use near 'order = ('DESC')' at line 1</span> in [/Users/finngrimwood/Sites/MB/cake/libs/model/datasources/dbo_source.php, line 684]
2010-12-29 13:59:47 Warning: Warning (512): <span style="color:Red;text-align:left"><b>SQL Error:</b> 1064: You have an error in your SQL syntax; check the manual that corresponds to your MySQL server version for the right syntax to use near 'order = ('DESC')   ORDER BY `Link`.`id` desc  LIMIT 20' at line 1</span> in [/Users/finngrimwood/Sites/MB/cake/libs/model/datasources/dbo_source.php, line 684]
2010-12-29 13:59:47 Warning: Warning (2): Invalid argument supplied for foreach() in [/Users/finngrimwood/Sites/MB/app/views/links/index.ctp, line 16]
2010-12-29 14:00:35 Warning: Warning (512): <span style="color:Red;text-align:left"><b>SQL Error:</b> 1052: Column 'id' in order clause is ambiguous</span> in [/Users/finngrimwood/Sites/MB/cake/libs/model/datasources/dbo_source.php, line 684]
2010-12-29 14:00:35 Warning: Warning (2): Invalid argument supplied for foreach() in [/Users/finngrimwood/Sites/MB/app/views/links/index.ctp, line 16]
2010-12-29 15:56:12 Warning: Warning (2): Invalid argument supplied for foreach() in [/Users/finngrimwood/Sites/MB/app/views/elements/menu.ctp, line 4]
2010-12-29 15:57:25 Warning: Warning (2): Invalid argument supplied for foreach() in [/Users/finngrimwood/Sites/MB/app/views/elements/menu.ctp, line 4]
2010-12-29 15:57:53 Warning: Warning (2): Invalid argument supplied for foreach() in [/Users/finngrimwood/Sites/MB/app/views/elements/menu.ctp, line 4]
2010-12-29 15:57:53 Warning: Warning (2): Invalid argument supplied for foreach() in [/Users/finngrimwood/Sites/MB/app/views/elements/menu.ctp, line 4]
2010-12-29 15:57:54 Warning: Warning (2): Invalid argument supplied for foreach() in [/Users/finngrimwood/Sites/MB/app/views/elements/menu.ctp, line 4]
2010-12-29 15:57:54 Warning: Warning (2): Invalid argument supplied for foreach() in [/Users/finngrimwood/Sites/MB/app/views/elements/menu.ctp, line 4]
2010-12-29 16:20:07 Warning: Warning (512): <span style="color:Red;text-align:left"><b>SQL Error:</b> 1064: You have an error in your SQL syntax; check the manual that corresponds to your MySQL server version for the right syntax to use near 'where `id`=3;
					Update `mb_links.` set `order`=3 where `id`=4' at line 1</span> in [/Users/finngrimwood/Sites/MB/cake/libs/model/datasources/dbo_source.php, line 684]
2010-12-29 16:20:07 Warning: Warning (2): Cannot modify header information - headers already sent by (output started at /Users/finngrimwood/Sites/MB/cake/libs/debugger.php:673) in [/Users/finngrimwood/Sites/MB/cake/libs/controller/controller.php, line 746]
2010-12-29 16:20:46 Warning: Warning (512): <span style="color:Red;text-align:left"><b>SQL Error:</b> 1064: You have an error in your SQL syntax; check the manual that corresponds to your MySQL server version for the right syntax to use near 'where `id`=3;
					Update `mb_links` set `order`=3 where `id`=4' at line 1</span> in [/Users/finngrimwood/Sites/MB/cake/libs/model/datasources/dbo_source.php, line 684]
2010-12-29 16:20:46 Warning: Warning (2): Cannot modify header information - headers already sent by (output started at /Users/finngrimwood/Sites/MB/cake/libs/debugger.php:673) in [/Users/finngrimwood/Sites/MB/cake/libs/controller/controller.php, line 746]
2010-12-29 16:21:27 Warning: Warning (512): <span style="color:Red;text-align:left"><b>SQL Error:</b> 1064: You have an error in your SQL syntax; check the manual that corresponds to your MySQL server version for the right syntax to use near 'where `id`=3' at line 1</span> in [/Users/finngrimwood/Sites/MB/cake/libs/model/datasources/dbo_source.php, line 684]
2010-12-29 16:21:27 Warning: Warning (2): Cannot modify header information - headers already sent by (output started at /Users/finngrimwood/Sites/MB/cake/libs/debugger.php:673) in [/Users/finngrimwood/Sites/MB/cake/libs/controller/controller.php, line 746]
2010-12-29 16:21:35 Warning: Warning (512): <span style="color:Red;text-align:left"><b>SQL Error:</b> 1064: You have an error in your SQL syntax; check the manual that corresponds to your MySQL server version for the right syntax to use near 'where `id`=3' at line 1</span> in [/Users/finngrimwood/Sites/MB/cake/libs/model/datasources/dbo_source.php, line 684]
2010-12-29 16:21:35 Warning: Warning (2): Cannot modify header information - headers already sent by (output started at /Users/finngrimwood/Sites/MB/cake/libs/debugger.php:673) in [/Users/finngrimwood/Sites/MB/cake/libs/controller/controller.php, line 746]
2010-12-29 16:21:40 Warning: Warning (512): <span style="color:Red;text-align:left"><b>SQL Error:</b> 1064: You have an error in your SQL syntax; check the manual that corresponds to your MySQL server version for the right syntax to use near 'where `id`=3' at line 1</span> in [/Users/finngrimwood/Sites/MB/cake/libs/model/datasources/dbo_source.php, line 684]
2010-12-29 16:21:40 Warning: Warning (2): Cannot modify header information - headers already sent by (output started at /Users/finngrimwood/Sites/MB/cake/libs/debugger.php:673) in [/Users/finngrimwood/Sites/MB/cake/libs/controller/controller.php, line 746]
2010-12-29 16:33:05 Warning: Warning (2): Cannot modify header information - headers already sent by (output started at /Users/finngrimwood/Sites/MB/cake/basics.php:355) in [/Users/finngrimwood/Sites/MB/cake/libs/controller/controller.php, line 746]
2010-12-29 16:34:06 Warning: Warning (2): Invalid argument supplied for foreach() in [/Users/finngrimwood/Sites/MB/app/views/elements/menu.ctp, line 4]
2010-12-29 17:46:13 Warning: Warning (2): Invalid argument supplied for foreach() in [/Users/finngrimwood/Sites/MB/app/views/elements/menu.ctp, line 4]
2010-12-29 17:49:39 Warning: Warning (2): Invalid argument supplied for foreach() in [/Users/finngrimwood/Sites/MB/app/views/elements/menu.ctp, line 4]
2010-12-29 17:55:21 Warning: Warning (2): Invalid argument supplied for foreach() in [/Users/finngrimwood/Sites/MB/app/views/elements/menu.ctp, line 4]
2010-12-29 17:59:25 Warning: Warning (2): Cannot modify header information - headers already sent by (output started at /Users/finngrimwood/Sites/MB/cake/basics.php:355) in [/Users/finngrimwood/Sites/MB/cake/libs/controller/controller.php, line 746]
2010-12-29 18:00:39 Warning: Warning (2): array_key_exists() expects exactly 2 parameters, 1 given in [/Users/finngrimwood/Sites/MB/app/models/behaviors/orderable.php, line 15]
2010-12-29 18:02:28 Warning: Warning (2): array_key_exists() expects exactly 2 parameters, 1 given in [/Users/finngrimwood/Sites/MB/app/models/behaviors/orderable.php, line 15]
2010-12-29 18:50:36 Warning: Warning (2): Invalid argument supplied for foreach() in [/Users/finngrimwood/Sites/MB/app/views/elements/menu.ctp, line 4]
2010-12-29 18:50:41 Warning: Warning (2): Invalid argument supplied for foreach() in [/Users/finngrimwood/Sites/MB/app/views/elements/menu.ctp, line 4]
2010-12-29 22:19:08 Warning: Warning (2): Invalid argument supplied for foreach() in [/Users/finngrimwood/Sites/MB/app/views/helpers/permissions.php, line 47]
2010-12-29 22:39:28 Warning: Warning (2): Missing argument 2 for PermissionsHelper::check(), called in /Users/finngrimwood/Sites/MB/app/views/helpers/permissions.php on line 50 and defined in [/Users/finngrimwood/Sites/MB/app/views/helpers/permissions.php, line 8]
2010-12-29 23:17:26 Warning: Warning (2): Missing argument 2 for PermissionsHelper::check(), called in /Users/finngrimwood/Sites/MB/app/views/elements/menu.ctp on line 20 and defined in [/Users/finngrimwood/Sites/MB/app/views/helpers/permissions.php, line 8]
2010-12-29 23:18:36 Warning: Warning (2): Invalid argument supplied for foreach() in [/Users/finngrimwood/Sites/MB/app/views/elements/menu.ctp, line 3]
2010-12-30 00:30:49 Warning: Warning (2): htmlentities() [<a href='http://php.net/function.htmlentities'>function.htmlentities</a>]: charset `false' not supported, assuming iso-8859-1 in [/Users/finngrimwood/Sites/MB/cake/libs/view/helpers/html.php, line 298]
2010-12-30 00:30:58 Warning: Warning (2): htmlentities() [<a href='http://php.net/function.htmlentities'>function.htmlentities</a>]: charset `false' not supported, assuming iso-8859-1 in [/Users/finngrimwood/Sites/MB/cake/libs/view/helpers/html.php, line 298]
2010-12-30 00:32:11 Warning: Warning (2): htmlentities() [<a href='http://php.net/function.htmlentities'>function.htmlentities</a>]: charset `false' not supported, assuming iso-8859-1 in [/Users/finngrimwood/Sites/MB/cake/libs/view/helpers/html.php, line 298]
2010-12-30 00:32:13 Warning: Warning (2): htmlentities() [<a href='http://php.net/function.htmlentities'>function.htmlentities</a>]: charset `false' not supported, assuming iso-8859-1 in [/Users/finngrimwood/Sites/MB/cake/libs/view/helpers/html.php, line 298]
2010-12-30 00:32:13 Warning: Warning (2): htmlentities() [<a href='http://php.net/function.htmlentities'>function.htmlentities</a>]: charset `false' not supported, assuming iso-8859-1 in [/Users/finngrimwood/Sites/MB/cake/libs/view/helpers/html.php, line 298]
2010-12-30 00:32:14 Warning: Warning (2): htmlentities() [<a href='http://php.net/function.htmlentities'>function.htmlentities</a>]: charset `false' not supported, assuming iso-8859-1 in [/Users/finngrimwood/Sites/MB/cake/libs/view/helpers/html.php, line 298]
2010-12-30 00:37:48 Warning: Warning (2): Invalid argument supplied for foreach() in [/Users/finngrimwood/Sites/MB/app/views/elements/menu.ctp, line 3]
2010-12-30 00:54:08 Warning: Warning (2): Invalid argument supplied for foreach() in [/Users/finngrimwood/Sites/MB/app/views/elements/menu.ctp, line 3]
2010-12-30 01:57:38 Warning: Warning (2): Invalid argument supplied for foreach() in [/Users/finngrimwood/Sites/MB/app/views/elements/menu.ctp, line 31]
2010-12-30 01:58:02 Warning: Warning (2): Invalid argument supplied for foreach() in [/Users/finngrimwood/Sites/MB/app/views/elements/menu.ctp, line 3]
2010-12-30 02:45:59 Warning: Warning (2): array_merge() [<a href='http://php.net/function.array-merge'>function.array-merge</a>]: Argument #1 is not an array in [/Users/finngrimwood/Sites/MB/app/controllers/components/menu.php, line 27]
2010-12-30 02:46:39 Warning: Warning (2): array_merge() [<a href='http://php.net/function.array-merge'>function.array-merge</a>]: Argument #1 is not an array in [/Users/finngrimwood/Sites/MB/app/controllers/components/menu.php, line 27]
2010-12-30 02:46:52 Warning: Warning (2): array_merge() [<a href='http://php.net/function.array-merge'>function.array-merge</a>]: Argument #1 is not an array in [/Users/finngrimwood/Sites/MB/app/controllers/components/menu.php, line 27]
2010-12-30 02:47:35 Warning: Warning (2): array_merge() [<a href='http://php.net/function.array-merge'>function.array-merge</a>]: Argument #2 is not an array in [/Users/finngrimwood/Sites/MB/app/controllers/components/menu.php, line 27]
2010-12-30 03:38:03 Warning: Warning (2): Invalid argument supplied for foreach() in [/Users/finngrimwood/Sites/MB/app/views/forum/view.ctp, line 10]
2010-12-30 17:11:04 Warning: Warning (2): Invalid argument supplied for foreach() in [/Users/finngrimwood/Sites/MB/app/views/elements/menu.ctp, line 3]
2010-12-30 17:11:08 Warning: Warning (2): Invalid argument supplied for foreach() in [/Users/finngrimwood/Sites/MB/app/views/elements/menu.ctp, line 3]
2010-12-31 03:20:09 Warning: Warning (2): mysql_connect() [<a href='http://php.net/function.mysql-connect'>function.mysql-connect</a>]: Lost connection to MySQL server at 'reading initial communication packet', system error: 61 in [/Users/finngrimwood/Sites/MB/cake/libs/model/datasources/dbo/dbo_mysql.php, line 552]
2010-12-31 03:20:09 Warning: Warning (2): mysql_select_db() expects parameter 2 to be resource, boolean given in [/Users/finngrimwood/Sites/MB/cake/libs/model/datasources/dbo/dbo_mysql.php, line 558]
2010-12-31 03:20:09 Warning: Warning (2): mysql_get_server_info() expects parameter 1 to be resource, boolean given in [/Users/finngrimwood/Sites/MB/cake/libs/model/datasources/dbo/dbo_mysql.php, line 566]
2010-12-31 03:20:09 Warning: Warning (2): mysql_query() expects parameter 2 to be resource, boolean given in [/Users/finngrimwood/Sites/MB/cake/libs/model/datasources/dbo/dbo_mysql.php, line 600]
2010-12-31 03:20:09 Warning: Warning (2): Cannot modify header information - headers already sent by (output started at /Users/finngrimwood/Sites/MB/cake/libs/debugger.php:673) in [/Users/finngrimwood/Sites/MB/cake/libs/controller/controller.php, line 746]
2010-12-31 03:20:10 Warning: Warning (2): Invalid argument supplied for foreach() in [/Users/finngrimwood/Sites/MB/app/views/elements/menu.ctp, line 3]
2011-02-01 20:29:54 Warning: Warning (2): Cannot modify header information - headers already sent by (output started at /Users/finngrimwood/Sites/MB/cake/libs/debugger.php:673) in [/Users/finngrimwood/Sites/MB/cake/libs/controller/controller.php, line 746]
2011-02-01 20:32:00 Warning: Warning (2): Invalid argument supplied for foreach() in [/Users/finngrimwood/Sites/MB/app/views/elements/menu.ctp, line 3]
2011-02-01 20:32:03 Warning: Warning (2): Invalid argument supplied for foreach() in [/Users/finngrimwood/Sites/MB/app/views/elements/menu.ctp, line 3]
2011-02-03 11:12:58 Warning: Warning (512): <span style="color:Red;text-align:left"><b>SQL Error:</b> 1066: Not unique table/alias: 'Post'</span> in [/Users/finngrimwood/Sites/MB/cake/libs/model/datasources/dbo_source.php, line 684]
2011-02-03 11:12:58 Warning: Warning (2): Invalid argument supplied for foreach() in [/Users/finngrimwood/Sites/MB/app/views/forum/index.ctp, line 19]
2011-02-03 11:20:40 Warning: Warning (512): <span style="color:Red;text-align:left"><b>SQL Error:</b> 1054: Unknown column 'Array' in 'where clause'</span> in [/Users/finngrimwood/Sites/MB/cake/libs/model/datasources/dbo_source.php, line 684]
2011-02-03 11:21:22 Warning: Warning (512): <span style="color:Red;text-align:left"><b>SQL Error:</b> 1054: Unknown column 'Array' in 'where clause'</span> in [/Users/finngrimwood/Sites/MB/cake/libs/model/datasources/dbo_source.php, line 684]
2011-02-03 11:21:23 Warning: Warning (512): <span style="color:Red;text-align:left"><b>SQL Error:</b> 1054: Unknown column 'Array' in 'where clause'</span> in [/Users/finngrimwood/Sites/MB/cake/libs/model/datasources/dbo_source.php, line 684]
2011-02-03 19:14:40 Warning: Warning (512): <span style="color:Red;text-align:left"><b>SQL Error:</b> 1064: You have an error in your SQL syntax; check the manual that corresponds to your MySQL server version for the right syntax to use near 'order = ('ASC')' at line 1</span> in [/Users/finngrimwood/Sites/MB/cake/libs/model/datasources/dbo_source.php, line 684]
2011-02-03 19:14:40 Warning: Warning (512): <span style="color:Red;text-align:left"><b>SQL Error:</b> 1064: You have an error in your SQL syntax; check the manual that corresponds to your MySQL server version for the right syntax to use near 'order = ('ASC')    LIMIT 20' at line 1</span> in [/Users/finngrimwood/Sites/MB/cake/libs/model/datasources/dbo_source.php, line 684]
2011-02-03 19:14:40 Warning: Warning (2): Invalid argument supplied for foreach() in [/Users/finngrimwood/Sites/MB/app/views/users/index.ctp, line 16]
2011-02-03 20:04:05 Warning: Warning (2): array_merge() [<a href='http://php.net/function.array-merge'>function.array-merge</a>]: Argument #1 is not an array in [/Users/finngrimwood/Sites/MB/app/controllers/forum_controller.php, line 25]
2011-02-07 14:59:28 Warning: Warning (2): Cannot modify header information - headers already sent by (output started at /Users/finngrimwood/Sites/MB/cake/libs/debugger.php:673) in [/Users/finngrimwood/Sites/MB/cake/libs/controller/controller.php, line 746]
2011-02-07 15:59:41 Warning: Warning (512): <span style="color:Red;text-align:left"><b>SQL Error:</b> 1052: Column 'id' in where clause is ambiguous</span> in [/Users/finngrimwood/Sites/MB/cake/libs/model/datasources/dbo_source.php, line 684]
2011-02-07 16:05:11 Warning: Warning (2): Invalid argument supplied for foreach() in [/Users/finngrimwood/Sites/MB/app/views/permissions/edit.ctp, line 1]
2011-02-28 23:08:24 Warning: Warning (2): Invalid argument supplied for foreach() in [/Users/finngrimwood/Sites/MB/app/views/elements/menu.ctp, line 3]
2011-04-25 15:11:17 Warning: Warning (2): Invalid argument supplied for foreach() in [/Users/finngrimwood/Sites/MB/app/views/elements/menu.ctp, line 3]
2011-04-25 16:49:03 Warning: Warning (2): Invalid argument supplied for foreach() in [/Users/finngrimwood/Sites/MB/app/views/elements/menu.ctp, line 3]
2011-04-25 16:49:21 Warning: Warning (2): Invalid argument supplied for foreach() in [/Users/finngrimwood/Sites/MB/app/views/elements/menu.ctp, line 3]
2011-04-25 16:50:03 Warning: Warning (2): Invalid argument supplied for foreach() in [/Users/finngrimwood/Sites/MB/app/views/elements/menu.ctp, line 3]
2011-04-25 16:50:09 Warning: Warning (2): Invalid argument supplied for foreach() in [/Users/finngrimwood/Sites/MB/app/views/elements/menu.ctp, line 3]
2011-04-25 16:50:34 Warning: Warning (2): Invalid argument supplied for foreach() in [/Users/finngrimwood/Sites/MB/app/views/elements/menu.ctp, line 3]
2011-04-25 18:45:01 Warning: Warning (2): Invalid argument supplied for foreach() in [/Users/finngrimwood/Sites/MB/app/views/elements/menu.ctp, line 3]
2011-04-26 11:58:04 Warning: Warning (2): Invalid argument supplied for foreach() in [/Users/finngrimwood/Sites/MB/app/views/elements/menu.ctp, line 3]
2011-05-17 17:47:00 Warning: Warning (2): Invalid argument supplied for foreach() in [/Users/finngrimwood/Sites/MB/app/views/permissions/edit.ctp, line 4]
2011-05-17 17:51:44 Warning: Warning (2): Invalid argument supplied for foreach() in [/Users/finngrimwood/Sites/MB/app/views/elements/menu.ctp, line 3]
2011-05-18 00:01:45 Warning: Warning (512): <span style="color:Red;text-align:left"><b>SQL Error:</b> 1048: Column 'user_id' cannot be null</span> in [/Users/finngrimwood/Sites/MB/cake/libs/model/datasources/dbo_source.php, line 684]
2011-05-18 00:01:45 Warning: Warning (2): Cannot modify header information - headers already sent by (output started at /Users/finngrimwood/Sites/MB/cake/libs/debugger.php:673) in [/Users/finngrimwood/Sites/MB/cake/libs/controller/controller.php, line 746]
2011-05-18 00:02:26 Warning: Warning (512): <span style="color:Red;text-align:left"><b>SQL Error:</b> 1048: Column 'user_id' cannot be null</span> in [/Users/finngrimwood/Sites/MB/cake/libs/model/datasources/dbo_source.php, line 684]
2011-05-18 00:02:26 Warning: Warning (2): Cannot modify header information - headers already sent by (output started at /Users/finngrimwood/Sites/MB/cake/libs/debugger.php:673) in [/Users/finngrimwood/Sites/MB/cake/libs/controller/controller.php, line 746]
2011-05-18 11:49:01 Warning: Warning (2): Invalid argument supplied for foreach() in [/Users/finngrimwood/Sites/MB/app/views/permissions/edit.ctp, line 8]
2011-05-18 11:59:31 Warning: Warning (2): Invalid argument supplied for foreach() in [/Users/finngrimwood/Sites/MB/app/views/elements/menu.ctp, line 3]
2011-05-18 12:24:20 Warning: Warning (2): Invalid argument supplied for foreach() in [/Users/finngrimwood/Sites/MB/app/views/elements/menu.ctp, line 3]
2011-05-19 07:05:00 Warning: Warning (2): Invalid argument supplied for foreach() in [/Users/finngrimwood/Sites/MB/app/views/elements/menu.ctp, line 3]
2011-05-19 15:17:38 Warning: Warning (2): Invalid argument supplied for foreach() in [/Users/finngrimwood/Sites/MB/app/views/permissions/edit.ctp, line 8]
2011-05-19 15:46:55 Warning: Warning (2): Cannot modify header information - headers already sent by (output started at /Users/finngrimwood/Sites/MB/cake/libs/debugger.php:673) in [/Users/finngrimwood/Sites/MB/cake/libs/controller/controller.php, line 746]
2011-05-19 16:00:51 Warning: Warning (2): Invalid argument supplied for foreach() in [/Users/finngrimwood/Sites/MB/app/views/elements/menu.ctp, line 3]
2011-05-19 16:00:54 Warning: Warning (2): Invalid argument supplied for foreach() in [/Users/finngrimwood/Sites/MB/app/views/elements/menu.ctp, line 3]
2011-05-19 16:04:35 Warning: Warning (2): Invalid argument supplied for foreach() in [/Users/finngrimwood/Sites/MB/app/views/elements/menu.ctp, line 3]
2011-05-19 16:04:40 Warning: Warning (2): Invalid argument supplied for foreach() in [/Users/finngrimwood/Sites/MB/app/views/elements/menu.ctp, line 3]
2011-05-19 16:05:00 Warning: Warning (2): Invalid argument supplied for foreach() in [/Users/finngrimwood/Sites/MB/app/views/elements/menu.ctp, line 3]
2011-05-19 16:05:18 Warning: Warning (2): Invalid argument supplied for foreach() in [/Users/finngrimwood/Sites/MB/app/views/elements/menu.ctp, line 3]
2011-05-19 16:09:57 Warning: Warning (2): Invalid argument supplied for foreach() in [/Users/finngrimwood/Sites/MB/app/views/elements/menu.ctp, line 3]
2011-05-19 16:10:19 Warning: Warning (2): Invalid argument supplied for foreach() in [/Users/finngrimwood/Sites/MB/app/views/elements/menu.ctp, line 3]
2011-05-19 16:10:28 Warning: Warning (2): Invalid argument supplied for foreach() in [/Users/finngrimwood/Sites/MB/app/views/elements/menu.ctp, line 3]
2011-05-19 16:10:39 Warning: Warning (2): Invalid argument supplied for foreach() in [/Users/finngrimwood/Sites/MB/app/views/elements/menu.ctp, line 3]
2011-05-19 16:17:58 Warning: Warning (2): Invalid argument supplied for foreach() in [/Users/finngrimwood/Sites/MB/app/views/elements/menu.ctp, line 3]
2011-05-19 16:20:01 Warning: Warning (2): Invalid argument supplied for foreach() in [/Users/finngrimwood/Sites/MB/app/views/elements/menu.ctp, line 3]
2011-05-19 16:32:20 Warning: Warning (2): Invalid argument supplied for foreach() in [/Users/finngrimwood/Sites/MB/app/views/helpers/permissions.php, line 49]
2011-05-20 20:14:34 Warning: Warning (2): Invalid argument supplied for foreach() in [/Users/finngrimwood/Sites/MB/app/views/elements/menu.ctp, line 3]
2011-06-17 15:12:06 Warning: Warning (2): Invalid argument supplied for foreach() in [/Users/finngrimwood/Sites/MB/app/views/elements/menu.ctp, line 3]
2011-06-23 16:53:21 Warning: Warning (2): Invalid argument supplied for foreach() in [/Users/finngrimwood/Sites/MB/app/views/elements/menu.ctp, line 3]
2011-06-23 16:53:25 Warning: Warning (2): Invalid argument supplied for foreach() in [/Users/finngrimwood/Sites/MB/app/views/elements/menu.ctp, line 3]
2011-06-23 16:53:27 Warning: Warning (2): Invalid argument supplied for foreach() in [/Users/finngrimwood/Sites/MB/app/views/elements/menu.ctp, line 3]
2011-06-23 16:58:57 Warning: Warning (2): Invalid argument supplied for foreach() in [/Users/finngrimwood/Sites/MB/app/views/elements/menu.ctp, line 3]
2011-06-23 16:59:19 Warning: Warning (2): Invalid argument supplied for foreach() in [/Users/finngrimwood/Sites/MB/app/views/elements/menu.ctp, line 3]
2011-06-23 17:00:39 Warning: Warning (2): Invalid argument supplied for foreach() in [/Users/finngrimwood/Sites/MB/app/views/elements/menu.ctp, line 3]
2011-06-23 17:01:22 Warning: Warning (2): Invalid argument supplied for foreach() in [/Users/finngrimwood/Sites/MB/app/views/elements/menu.ctp, line 3]
2011-06-23 17:02:13 Warning: Warning (2): Invalid argument supplied for foreach() in [/Users/finngrimwood/Sites/MB/app/views/elements/menu.ctp, line 3]
2011-06-24 13:59:11 Warning: Warning (512): <span style="color:Red;text-align:left"><b>SQL Error:</b> 1054: Unknown column 'conditions' in 'where clause'</span> in [/Users/finngrimwood/Sites/MB/cake/libs/model/datasources/dbo_source.php, line 684]
2011-06-24 13:59:55 Warning: Warning (512): <span style="color:Red;text-align:left"><b>SQL Error:</b> 1054: Unknown column 'Group.title' in 'where clause'</span> in [/Users/finngrimwood/Sites/MB/cake/libs/model/datasources/dbo_source.php, line 684]
2011-06-24 14:00:02 Warning: Warning (512): <span style="color:Red;text-align:left"><b>SQL Error:</b> 1054: Unknown column 'Group.title' in 'where clause'</span> in [/Users/finngrimwood/Sites/MB/cake/libs/model/datasources/dbo_source.php, line 684]
2011-06-25 14:50:37 Warning: Warning (512): <span style="color:Red;text-align:left"><b>SQL Error:</b> 1054: Unknown column 'User.rank' in 'where clause'</span> in [/Users/finngrimwood/Sites/MB/cake/libs/model/datasources/dbo_source.php, line 684]
2011-06-25 14:50:37 Warning: Warning (2): Invalid argument supplied for foreach() in [/Users/finngrimwood/Sites/MB/app/views/users/index.ctp, line 16]
2011-06-25 14:56:15 Warning: Warning (2): Invalid argument supplied for foreach() in [/Users/finngrimwood/Sites/MB/app/views/elements/menu.ctp, line 3]
2011-06-25 14:56:15 Warning: Warning (2): Invalid argument supplied for foreach() in [/Users/finngrimwood/Sites/MB/app/views/elements/menu.ctp, line 3]
2011-06-25 14:56:15 Warning: Warning (2): Invalid argument supplied for foreach() in [/Users/finngrimwood/Sites/MB/app/views/elements/menu.ctp, line 3]
2011-06-25 14:56:15 Warning: Warning (2): Invalid argument supplied for foreach() in [/Users/finngrimwood/Sites/MB/app/views/elements/menu.ctp, line 3]
2011-06-25 14:56:16 Warning: Warning (2): Invalid argument supplied for foreach() in [/Users/finngrimwood/Sites/MB/app/views/elements/menu.ctp, line 3]
2011-06-25 14:56:17 Warning: Warning (2): Invalid argument supplied for foreach() in [/Users/finngrimwood/Sites/MB/app/views/elements/menu.ctp, line 3]
2011-06-25 14:56:17 Warning: Warning (2): Invalid argument supplied for foreach() in [/Users/finngrimwood/Sites/MB/app/views/elements/menu.ctp, line 3]
2011-06-25 14:56:17 Warning: Warning (2): Invalid argument supplied for foreach() in [/Users/finngrimwood/Sites/MB/app/views/elements/menu.ctp, line 3]
2011-06-25 14:56:17 Warning: Warning (2): Invalid argument supplied for foreach() in [/Users/finngrimwood/Sites/MB/app/views/elements/menu.ctp, line 3]
2011-06-25 14:56:17 Warning: Warning (2): Invalid argument supplied for foreach() in [/Users/finngrimwood/Sites/MB/app/views/elements/menu.ctp, line 3]
2011-06-25 14:57:18 Warning: Warning (2): Invalid argument supplied for foreach() in [/Users/finngrimwood/Sites/MB/app/views/elements/menu.ctp, line 3]
2011-06-25 14:57:19 Warning: Warning (2): Invalid argument supplied for foreach() in [/Users/finngrimwood/Sites/MB/app/views/elements/menu.ctp, line 3]
2011-06-25 14:57:19 Warning: Warning (2): Invalid argument supplied for foreach() in [/Users/finngrimwood/Sites/MB/app/views/elements/menu.ctp, line 3]
2011-06-25 14:57:19 Warning: Warning (2): Invalid argument supplied for foreach() in [/Users/finngrimwood/Sites/MB/app/views/elements/menu.ctp, line 3]
2011-06-25 14:57:19 Warning: Warning (2): Invalid argument supplied for foreach() in [/Users/finngrimwood/Sites/MB/app/views/elements/menu.ctp, line 3]
2011-06-29 18:38:01 Warning: Warning (2): Invalid argument supplied for foreach() in [/Users/finngrimwood/Sites/MB/app/views/elements/menu.ctp, line 3]
2011-06-29 18:38:25 Warning: Warning (2): Invalid argument supplied for foreach() in [/Users/finngrimwood/Sites/MB/app/views/elements/menu.ctp, line 3]
2011-06-29 18:39:42 Warning: Warning (2): Invalid argument supplied for foreach() in [/Users/finngrimwood/Sites/MB/app/views/elements/menu.ctp, line 3]
2011-06-29 19:18:56 Warning: Warning (512): <span style="color:Red;text-align:left"><b>SQL Error:</b> 1064: You have an error in your SQL syntax; check the manual that corresponds to your MySQL server version for the right syntax to use near 'moveUp' at line 1</span> in [/Users/finngrimwood/Sites/MB/cake/libs/model/datasources/dbo_source.php, line 684]
2011-06-29 19:19:00 Warning: Warning (512): <span style="color:Red;text-align:left"><b>SQL Error:</b> 1064: You have an error in your SQL syntax; check the manual that corresponds to your MySQL server version for the right syntax to use near 'moveUp' at line 1</span> in [/Users/finngrimwood/Sites/MB/cake/libs/model/datasources/dbo_source.php, line 684]
2011-06-30 00:27:35 Warning: Warning (2): Invalid argument supplied for foreach() in [/Users/finngrimwood/Sites/MB/app/views/elements/menu.ctp, line 3]
2011-06-30 00:34:17 Warning: Warning (2): Invalid argument supplied for foreach() in [/Users/finngrimwood/Sites/MB/app/views/elements/menu.ctp, line 3]
2011-06-30 00:44:26 Warning: Warning (2): Invalid argument supplied for foreach() in [/Users/finngrimwood/Sites/MB/app/views/elements/menu.ctp, line 3]
2011-06-30 00:49:20 Warning: Warning (2): Invalid argument supplied for foreach() in [/Users/finngrimwood/Sites/MB/app/views/elements/menu.ctp, line 3]
2011-06-30 00:50:14 Warning: Warning (2): Invalid argument supplied for foreach() in [/Users/finngrimwood/Sites/MB/app/views/elements/menu.ctp, line 3]
2011-06-30 00:50:17 Warning: Warning (2): Invalid argument supplied for foreach() in [/Users/finngrimwood/Sites/MB/app/views/elements/menu.ctp, line 3]
2011-06-30 11:12:26 Warning: Warning (2): Invalid argument supplied for foreach() in [/Users/finngrimwood/Sites/MB/app/views/elements/menu.ctp, line 3]
2011-06-30 11:13:29 Warning: Warning (2): Invalid argument supplied for foreach() in [/Users/finngrimwood/Sites/MB/app/views/elements/menu.ctp, line 3]
2011-06-30 11:26:37 Warning: Warning (2): Missing argument 1 for Controller::redirect(), called in /Users/finngrimwood/Sites/MB/app/controllers/news_controller.php on line 22 and defined in [/Users/finngrimwood/Sites/MB/cake/libs/controller/controller.php, line 676]
2011-06-30 11:27:03 Warning: Warning (2): Invalid argument supplied for foreach() in [/Users/finngrimwood/Sites/MB/app/views/elements/menu.ctp, line 3]
2011-06-30 11:31:36 Warning: Warning (2): Invalid argument supplied for foreach() in [/Users/finngrimwood/Sites/MB/app/views/elements/menu.ctp, line 3]
2011-07-12 17:58:40 Warning: Warning (2): Cannot modify header information - headers already sent by (output started at /Users/finngrimwood/Sites/MB/cake/libs/debugger.php:673) in [/Users/finngrimwood/Sites/MB/cake/libs/controller/controller.php, line 746]
2011-07-12 18:23:28 Warning: Warning (2): Invalid argument supplied for foreach() in [/Users/finngrimwood/Sites/MB/app/views/elements/menu.ctp, line 3]
2011-07-12 18:32:33 Warning: Warning (2): Cannot modify header information - headers already sent by (output started at /Users/finngrimwood/Sites/MB/cake/libs/debugger.php:673) in [/Users/finngrimwood/Sites/MB/cake/libs/controller/controller.php, line 746]
2011-07-12 18:32:41 Warning: Warning (2): Cannot modify header information - headers already sent by (output started at /Users/finngrimwood/Sites/MB/cake/libs/debugger.php:673) in [/Users/finngrimwood/Sites/MB/cake/libs/controller/controller.php, line 746]
2011-07-12 19:05:36 Warning: Warning (2): Missing argument 2 for PermissionsHelper::check(), called in /Users/finngrimwood/Sites/MB/app/views/users/view.ctp on line 42 and defined in [/Users/finngrimwood/Sites/MB/app/views/helpers/permissions.php, line 8]
2011-07-12 19:07:04 Warning: Warning (2): Invalid argument supplied for foreach() in [/Users/finngrimwood/Sites/MB/app/views/helpers/permissions.php, line 18]
2011-07-12 19:34:21 Warning: Warning (2): Invalid argument supplied for foreach() in [/Users/finngrimwood/Sites/MB/app/views/elements/menu.ctp, line 3]
2011-07-12 19:38:45 Warning: Warning (512): <span style="color:Red;text-align:left"><b>SQL Error:</b> 1054: Unknown column 'Article.link_id' in 'on clause'</span> in [/Users/finngrimwood/Sites/MB/cake/libs/model/datasources/dbo_source.php, line 684]
2011-07-12 19:39:27 Warning: Warning (512): <span style="color:Red;text-align:left"><b>SQL Error:</b> 1054: Unknown column 'Article.link_id' in 'on clause'</span> in [/Users/finngrimwood/Sites/MB/cake/libs/model/datasources/dbo_source.php, line 684]
2011-07-12 19:39:29 Warning: Warning (512): <span style="color:Red;text-align:left"><b>SQL Error:</b> 1054: Unknown column 'Article.link_id' in 'on clause'</span> in [/Users/finngrimwood/Sites/MB/cake/libs/model/datasources/dbo_source.php, line 684]
2011-07-12 19:41:25 Warning: Warning (512): <span style="color:Red;text-align:left"><b>SQL Error:</b> 1054: Unknown column 'Article.link_id' in 'on clause'</span> in [/Users/finngrimwood/Sites/MB/cake/libs/model/datasources/dbo_source.php, line 684]
2011-07-12 19:42:46 Warning: Warning (512): <span style="color:Red;text-align:left"><b>SQL Error:</b> 1054: Unknown column 'Article.link_id' in 'on clause'</span> in [/Users/finngrimwood/Sites/MB/cake/libs/model/datasources/dbo_source.php, line 684]
2011-07-12 19:48:44 Warning: Warning (2): Missing argument 2 for ArticlesController::view() in [/Users/finngrimwood/Sites/MB/app/controllers/articles_controller.php, line 11]
2011-07-12 19:48:44 Warning: Warning (2): Cannot modify header information - headers already sent by (output started at /Users/finngrimwood/Sites/MB/cake/libs/debugger.php:673) in [/Users/finngrimwood/Sites/MB/cake/libs/controller/controller.php, line 746]
2011-07-12 19:48:49 Warning: Warning (2): Cannot modify header information - headers already sent by (output started at /Users/finngrimwood/Sites/MB/cake/libs/debugger.php:673) in [/Users/finngrimwood/Sites/MB/cake/libs/controller/controller.php, line 746]
2011-07-12 19:53:07 Warning: Warning (2): Cannot modify header information - headers already sent by (output started at /Users/finngrimwood/Sites/MB/cake/libs/debugger.php:673) in [/Users/finngrimwood/Sites/MB/cake/libs/controller/controller.php, line 746]
2011-07-12 19:53:16 Warning: Warning (512): <span style="color:Red;text-align:left"><b>SQL Error:</b> 1066: Not unique table/alias: 'Category'</span> in [/Users/finngrimwood/Sites/MB/cake/libs/model/datasources/dbo_source.php, line 684]
2011-07-12 19:54:00 Warning: Warning (512): <span style="color:Red;text-align:left"><b>SQL Error:</b> 1066: Not unique table/alias: 'Category'</span> in [/Users/finngrimwood/Sites/MB/cake/libs/model/datasources/dbo_source.php, line 684]
2011-07-12 19:54:28 Warning: Warning (512): <span style="color:Red;text-align:left"><b>SQL Error:</b> 1066: Not unique table/alias: 'Category'</span> in [/Users/finngrimwood/Sites/MB/cake/libs/model/datasources/dbo_source.php, line 684]
2011-07-12 19:55:26 Warning: Warning (512): <span style="color:Red;text-align:left"><b>SQL Error:</b> 1066: Not unique table/alias: 'Category'</span> in [/Users/finngrimwood/Sites/MB/cake/libs/model/datasources/dbo_source.php, line 684]
2011-07-12 20:51:27 Warning: Warning (2): Invalid argument supplied for foreach() in [/Users/finngrimwood/Sites/MB/app/views/elements/menu.ctp, line 3]
2011-07-12 23:02:43 Warning: Warning (512): Method BattlenetHelper::profile does not exist in [/Users/finngrimwood/Sites/MB/cake/libs/view/helper.php, line 154]
2011-07-13 00:02:27 Warning: Warning (512): <span style="color:Red;text-align:left"><b>SQL Error:</b> 1048: Column 'additional' cannot be null</span> in [/Users/finngrimwood/Sites/MB/cake/libs/model/datasources/dbo_source.php, line 684]
2011-07-13 00:02:27 Warning: Warning (2): Cannot modify header information - headers already sent by (output started at /Users/finngrimwood/Sites/MB/cake/libs/debugger.php:673) in [/Users/finngrimwood/Sites/MB/cake/libs/controller/controller.php, line 746]
2011-07-13 00:02:42 Warning: Warning (512): <span style="color:Red;text-align:left"><b>SQL Error:</b> 1048: Column 'additional' cannot be null</span> in [/Users/finngrimwood/Sites/MB/cake/libs/model/datasources/dbo_source.php, line 684]
2011-07-13 00:02:42 Warning: Warning (2): Cannot modify header information - headers already sent by (output started at /Users/finngrimwood/Sites/MB/cake/libs/debugger.php:673) in [/Users/finngrimwood/Sites/MB/cake/libs/controller/controller.php, line 746]
2011-07-13 00:02:43 Warning: Warning (512): <span style="color:Red;text-align:left"><b>SQL Error:</b> 1048: Column 'additional' cannot be null</span> in [/Users/finngrimwood/Sites/MB/cake/libs/model/datasources/dbo_source.php, line 684]
2011-07-13 00:02:43 Warning: Warning (2): Cannot modify header information - headers already sent by (output started at /Users/finngrimwood/Sites/MB/cake/libs/debugger.php:673) in [/Users/finngrimwood/Sites/MB/cake/libs/controller/controller.php, line 746]
2011-07-13 00:02:44 Warning: Warning (512): <span style="color:Red;text-align:left"><b>SQL Error:</b> 1048: Column 'additional' cannot be null</span> in [/Users/finngrimwood/Sites/MB/cake/libs/model/datasources/dbo_source.php, line 684]
2011-07-13 00:02:44 Warning: Warning (2): Cannot modify header information - headers already sent by (output started at /Users/finngrimwood/Sites/MB/cake/libs/debugger.php:673) in [/Users/finngrimwood/Sites/MB/cake/libs/controller/controller.php, line 746]
2011-07-13 00:02:54 Warning: Warning (512): <span style="color:Red;text-align:left"><b>SQL Error:</b> 1048: Column 'additional' cannot be null</span> in [/Users/finngrimwood/Sites/MB/cake/libs/model/datasources/dbo_source.php, line 684]
2011-07-13 00:02:54 Warning: Warning (2): Cannot modify header information - headers already sent by (output started at /Users/finngrimwood/Sites/MB/cake/libs/debugger.php:673) in [/Users/finngrimwood/Sites/MB/cake/libs/controller/controller.php, line 746]
2011-07-13 00:04:50 Warning: Warning (512): <span style="color:Red;text-align:left"><b>SQL Error:</b> 1048: Column 'user_id_2' cannot be null</span> in [/Users/finngrimwood/Sites/MB/cake/libs/model/datasources/dbo_source.php, line 684]
2011-07-13 00:04:50 Warning: Warning (2): Cannot modify header information - headers already sent by (output started at /Users/finngrimwood/Sites/MB/cake/libs/debugger.php:673) in [/Users/finngrimwood/Sites/MB/cake/libs/controller/controller.php, line 746]
2011-07-13 00:19:00 Warning: Warning (2): array_merge() [<a href='http://php.net/function.array-merge'>function.array-merge</a>]: Argument #1 is not an array in [/Users/finngrimwood/Sites/MB/app/models/behaviors/orderable.php, line 32]
2011-07-13 00:19:00 Warning: Warning (2): Cannot modify header information - headers already sent by (output started at /Users/finngrimwood/Sites/MB/cake/libs/debugger.php:673) in [/Users/finngrimwood/Sites/MB/cake/libs/controller/controller.php, line 746]
2011-07-13 00:35:34 Warning: Warning (2): Invalid argument supplied for foreach() in [/Users/finngrimwood/Sites/MB/app/views/elements/menu.ctp, line 3]
2011-07-13 00:35:38 Warning: Warning (2): Invalid argument supplied for foreach() in [/Users/finngrimwood/Sites/MB/app/views/elements/menu.ctp, line 3]
2011-07-13 00:46:18 Warning: Warning (2): Invalid argument supplied for foreach() in [/Users/finngrimwood/Sites/MB/app/views/elements/menu.ctp, line 3]
2011-07-13 18:56:29 Warning: Warning (2): Invalid argument supplied for foreach() in [/Users/finngrimwood/Sites/MB/app/views/elements/menu.ctp, line 3]
2011-07-13 19:33:17 Warning: Warning (512): <span style="color:Red;text-align:left"><b>SQL Error:</b> 1052: Column 'id' in where clause is ambiguous</span> in [/Users/finngrimwood/Sites/MB/cake/libs/model/datasources/dbo_source.php, line 684]
2011-07-13 19:47:57 Warning: Warning (2): file_get_contents() [<a href='http://php.net/function.file-get-contents'>function.file-get-contents</a>]: Filename cannot be empty in [/Users/finngrimwood/Sites/MB/app/views/helpers/battlenet.php, line 42]
2011-07-13 22:08:20 Warning: Warning (2): Cannot modify header information - headers already sent by (output started at /Users/finngrimwood/Sites/MB/cake/libs/debugger.php:673) in [/Users/finngrimwood/Sites/MB/cake/libs/controller/controller.php, line 746]
2011-07-13 22:08:30 Warning: Warning (2): Cannot modify header information - headers already sent by (output started at /Users/finngrimwood/Sites/MB/cake/libs/debugger.php:673) in [/Users/finngrimwood/Sites/MB/cake/libs/controller/controller.php, line 746]
2011-07-13 22:09:25 Warning: Warning (2): Cannot modify header information - headers already sent by (output started at /Users/finngrimwood/Sites/MB/cake/libs/debugger.php:673) in [/Users/finngrimwood/Sites/MB/cake/libs/controller/controller.php, line 746]
2011-07-13 23:05:10 Warning: Warning (2): file_get_contents() [<a href='http://php.net/function.file-get-contents'>function.file-get-contents</a>]: Filename cannot be empty in [/Users/finngrimwood/Sites/MB/app/views/helpers/battlenet.php, line 42]
2011-07-14 14:57:14 Warning: Warning (2): opendir(./images/smileys/) [<a href='http://php.net/function.opendir'>function.opendir</a>]: failed to open dir: No such file or directory in [/Users/finngrimwood/Sites/MB/app/views/helpers/bbcode.php, line 8]
2011-07-14 14:57:14 Warning: Warning (2): Invalid argument supplied for foreach() in [/Users/finngrimwood/Sites/MB/app/views/helpers/bbcode.php, line 17]
2011-07-14 14:57:14 Warning: Warning (2): array_combine() [<a href='http://php.net/function.array-combine'>function.array-combine</a>]: Both parameters should have at least 1 element in [/Users/finngrimwood/Sites/MB/app/views/helpers/bbcode.php, line 24]
2011-07-14 14:57:14 Warning: Warning (2): strtr() [<a href='http://php.net/function.strtr'>function.strtr</a>]: The second argument is not an array in [/Users/finngrimwood/Sites/MB/app/views/helpers/bbcode.php, line 24]
2011-07-14 14:57:14 Warning: Warning (2): preg_replace_callback() [<a href='http://php.net/function.preg-replace-callback'>function.preg-replace-callback</a>]: Requires argument 2, 'linkreplace', to be a valid callback in [/Users/finngrimwood/Sites/MB/app/views/helpers/bbcode.php, line 331]
2011-07-14 14:57:14 Warning: Warning (2): preg_replace_callback() [<a href='http://php.net/function.preg-replace-callback'>function.preg-replace-callback</a>]: Requires argument 2, 'cut_urls', to be a valid callback in [/Users/finngrimwood/Sites/MB/app/views/helpers/bbcode.php, line 334]
2011-07-14 14:58:34 Warning: Warning (2): opendir(./images/smileys/) [<a href='http://php.net/function.opendir'>function.opendir</a>]: failed to open dir: No such file or directory in [/Users/finngrimwood/Sites/MB/app/views/helpers/bbcode.php, line 8]
2011-07-14 14:58:34 Warning: Warning (2): Invalid argument supplied for foreach() in [/Users/finngrimwood/Sites/MB/app/views/helpers/bbcode.php, line 17]
2011-07-14 14:58:34 Warning: Warning (2): array_combine() [<a href='http://php.net/function.array-combine'>function.array-combine</a>]: Both parameters should have at least 1 element in [/Users/finngrimwood/Sites/MB/app/views/helpers/bbcode.php, line 24]
2011-07-14 14:58:34 Warning: Warning (2): strtr() [<a href='http://php.net/function.strtr'>function.strtr</a>]: The second argument is not an array in [/Users/finngrimwood/Sites/MB/app/views/helpers/bbcode.php, line 24]
2011-07-14 14:58:34 Warning: Warning (2): preg_replace_callback() [<a href='http://php.net/function.preg-replace-callback'>function.preg-replace-callback</a>]: Requires argument 2, 'this-&gt;linkreplace', to be a valid callback in [/Users/finngrimwood/Sites/MB/app/views/helpers/bbcode.php, line 331]
2011-07-14 14:58:34 Warning: Warning (2): preg_replace_callback() [<a href='http://php.net/function.preg-replace-callback'>function.preg-replace-callback</a>]: Requires argument 2, 'cut_urls', to be a valid callback in [/Users/finngrimwood/Sites/MB/app/views/helpers/bbcode.php, line 334]
2011-07-14 14:59:32 Warning: Warning (2): opendir(./images/smileys/) [<a href='http://php.net/function.opendir'>function.opendir</a>]: failed to open dir: No such file or directory in [/Users/finngrimwood/Sites/MB/app/views/helpers/bbcode.php, line 8]
2011-07-14 14:59:32 Warning: Warning (2): Invalid argument supplied for foreach() in [/Users/finngrimwood/Sites/MB/app/views/helpers/bbcode.php, line 17]
2011-07-14 14:59:32 Warning: Warning (2): array_combine() [<a href='http://php.net/function.array-combine'>function.array-combine</a>]: Both parameters should have at least 1 element in [/Users/finngrimwood/Sites/MB/app/views/helpers/bbcode.php, line 24]
2011-07-14 14:59:32 Warning: Warning (2): strtr() [<a href='http://php.net/function.strtr'>function.strtr</a>]: The second argument is not an array in [/Users/finngrimwood/Sites/MB/app/views/helpers/bbcode.php, line 24]
2011-07-14 14:59:32 Warning: Warning (2): preg_replace_callback() [<a href='http://php.net/function.preg-replace-callback'>function.preg-replace-callback</a>]: Requires argument 2, 'self::linkreplace', to be a valid callback in [/Users/finngrimwood/Sites/MB/app/views/helpers/bbcode.php, line 331]
2011-07-14 14:59:32 Warning: Warning (2): preg_replace_callback() [<a href='http://php.net/function.preg-replace-callback'>function.preg-replace-callback</a>]: Requires argument 2, 'cut_urls', to be a valid callback in [/Users/finngrimwood/Sites/MB/app/views/helpers/bbcode.php, line 334]
2011-07-14 14:59:37 Warning: Warning (2): opendir(./images/smileys/) [<a href='http://php.net/function.opendir'>function.opendir</a>]: failed to open dir: No such file or directory in [/Users/finngrimwood/Sites/MB/app/views/helpers/bbcode.php, line 8]
2011-07-14 14:59:37 Warning: Warning (2): Invalid argument supplied for foreach() in [/Users/finngrimwood/Sites/MB/app/views/helpers/bbcode.php, line 17]
2011-07-14 14:59:37 Warning: Warning (2): array_combine() [<a href='http://php.net/function.array-combine'>function.array-combine</a>]: Both parameters should have at least 1 element in [/Users/finngrimwood/Sites/MB/app/views/helpers/bbcode.php, line 24]
2011-07-14 14:59:37 Warning: Warning (2): strtr() [<a href='http://php.net/function.strtr'>function.strtr</a>]: The second argument is not an array in [/Users/finngrimwood/Sites/MB/app/views/helpers/bbcode.php, line 24]
2011-07-14 14:59:37 Warning: Warning (2): preg_replace_callback() [<a href='http://php.net/function.preg-replace-callback'>function.preg-replace-callback</a>]: Requires argument 2, 'self-&gt;linkreplace', to be a valid callback in [/Users/finngrimwood/Sites/MB/app/views/helpers/bbcode.php, line 331]
2011-07-14 14:59:37 Warning: Warning (2): preg_replace_callback() [<a href='http://php.net/function.preg-replace-callback'>function.preg-replace-callback</a>]: Requires argument 2, 'cut_urls', to be a valid callback in [/Users/finngrimwood/Sites/MB/app/views/helpers/bbcode.php, line 334]
2011-07-14 15:00:06 Warning: Warning (2): opendir(./images/smileys/) [<a href='http://php.net/function.opendir'>function.opendir</a>]: failed to open dir: No such file or directory in [/Users/finngrimwood/Sites/MB/app/views/helpers/bbcode.php, line 8]
2011-07-14 15:00:06 Warning: Warning (2): Invalid argument supplied for foreach() in [/Users/finngrimwood/Sites/MB/app/views/helpers/bbcode.php, line 17]
2011-07-14 15:00:06 Warning: Warning (2): array_combine() [<a href='http://php.net/function.array-combine'>function.array-combine</a>]: Both parameters should have at least 1 element in [/Users/finngrimwood/Sites/MB/app/views/helpers/bbcode.php, line 24]
2011-07-14 15:00:06 Warning: Warning (2): strtr() [<a href='http://php.net/function.strtr'>function.strtr</a>]: The second argument is not an array in [/Users/finngrimwood/Sites/MB/app/views/helpers/bbcode.php, line 24]
2011-07-14 15:00:06 Warning: Warning (2): preg_replace_callback() [<a href='http://php.net/function.preg-replace-callback'>function.preg-replace-callback</a>]: Requires argument 2, 'BbcodeHelper::linkreplace', to be a valid callback in [/Users/finngrimwood/Sites/MB/app/views/helpers/bbcode.php, line 331]
2011-07-14 15:00:06 Warning: Warning (2): preg_replace_callback() [<a href='http://php.net/function.preg-replace-callback'>function.preg-replace-callback</a>]: Requires argument 2, 'cut_urls', to be a valid callback in [/Users/finngrimwood/Sites/MB/app/views/helpers/bbcode.php, line 334]
2011-07-14 15:00:47 Warning: Warning (2): opendir(./images/smileys/) [<a href='http://php.net/function.opendir'>function.opendir</a>]: failed to open dir: No such file or directory in [/Users/finngrimwood/Sites/MB/app/views/helpers/bbcode.php, line 8]
2011-07-14 15:00:47 Warning: Warning (2): Invalid argument supplied for foreach() in [/Users/finngrimwood/Sites/MB/app/views/helpers/bbcode.php, line 17]
2011-07-14 15:00:47 Warning: Warning (2): array_combine() [<a href='http://php.net/function.array-combine'>function.array-combine</a>]: Both parameters should have at least 1 element in [/Users/finngrimwood/Sites/MB/app/views/helpers/bbcode.php, line 24]
2011-07-14 15:00:47 Warning: Warning (2): strtr() [<a href='http://php.net/function.strtr'>function.strtr</a>]: The second argument is not an array in [/Users/finngrimwood/Sites/MB/app/views/helpers/bbcode.php, line 24]
2011-07-14 15:00:47 Warning: Warning (2): preg_replace_callback() [<a href='http://php.net/function.preg-replace-callback'>function.preg-replace-callback</a>]: Requires argument 2, 'BbcodeHelper::linkreplace', to be a valid callback in [/Users/finngrimwood/Sites/MB/app/views/helpers/bbcode.php, line 331]
2011-07-14 15:00:47 Warning: Warning (2): preg_replace_callback() [<a href='http://php.net/function.preg-replace-callback'>function.preg-replace-callback</a>]: Requires argument 2, 'cut_urls', to be a valid callback in [/Users/finngrimwood/Sites/MB/app/views/helpers/bbcode.php, line 334]
2011-07-14 15:02:49 Warning: Warning (2): opendir(./images/smileys/) [<a href='http://php.net/function.opendir'>function.opendir</a>]: failed to open dir: No such file or directory in [/Users/finngrimwood/Sites/MB/app/views/helpers/bbcode.php, line 8]
2011-07-14 15:02:49 Warning: Warning (2): Invalid argument supplied for foreach() in [/Users/finngrimwood/Sites/MB/app/views/helpers/bbcode.php, line 17]
2011-07-14 15:02:49 Warning: Warning (2): array_combine() [<a href='http://php.net/function.array-combine'>function.array-combine</a>]: Both parameters should have at least 1 element in [/Users/finngrimwood/Sites/MB/app/views/helpers/bbcode.php, line 24]
2011-07-14 15:02:49 Warning: Warning (2): strtr() [<a href='http://php.net/function.strtr'>function.strtr</a>]: The second argument is not an array in [/Users/finngrimwood/Sites/MB/app/views/helpers/bbcode.php, line 24]
2011-07-14 15:02:49 Warning: Warning (2): preg_replace_callback() [<a href='http://php.net/function.preg-replace-callback'>function.preg-replace-callback</a>]: Requires argument 2, 'cut_urls', to be a valid callback in [/Users/finngrimwood/Sites/MB/app/views/helpers/bbcode.php, line 334]
2011-07-14 15:03:25 Warning: Warning (2): opendir(./images/smileys/) [<a href='http://php.net/function.opendir'>function.opendir</a>]: failed to open dir: No such file or directory in [/Users/finngrimwood/Sites/MB/app/views/helpers/bbcode.php, line 8]
2011-07-14 15:03:25 Warning: Warning (2): Invalid argument supplied for foreach() in [/Users/finngrimwood/Sites/MB/app/views/helpers/bbcode.php, line 17]
2011-07-14 15:03:25 Warning: Warning (2): array_combine() [<a href='http://php.net/function.array-combine'>function.array-combine</a>]: Both parameters should have at least 1 element in [/Users/finngrimwood/Sites/MB/app/views/helpers/bbcode.php, line 24]
2011-07-14 15:03:25 Warning: Warning (2): strtr() [<a href='http://php.net/function.strtr'>function.strtr</a>]: The second argument is not an array in [/Users/finngrimwood/Sites/MB/app/views/helpers/bbcode.php, line 24]
2011-07-14 15:46:51 Warning: Warning (2): preg_match_all() [<a href='http://php.net/function.preg-match-all'>function.preg-match-all</a>]: Unknown modifier '[' in [/Users/finngrimwood/Sites/MB/app/views/helpers/filter.php, line 6]
2011-07-14 15:47:42 Warning: Warning (2): preg_match_all() [<a href='http://php.net/function.preg-match-all'>function.preg-match-all</a>]: Unknown modifier '[' in [/Users/finngrimwood/Sites/MB/app/views/helpers/filter.php, line 6]
2011-07-14 15:48:57 Warning: Warning (2): preg_match_all() [<a href='http://php.net/function.preg-match-all'>function.preg-match-all</a>]: Delimiter must not be alphanumeric or backslash in [/Users/finngrimwood/Sites/MB/app/views/helpers/filter.php, line 6]
2011-07-14 15:49:18 Warning: Warning (2): preg_match_all() [<a href='http://php.net/function.preg-match-all'>function.preg-match-all</a>]: Unknown modifier '[' in [/Users/finngrimwood/Sites/MB/app/views/helpers/filter.php, line 6]
2011-07-14 15:51:00 Warning: Warning (2): preg_match_all() [<a href='http://php.net/function.preg-match-all'>function.preg-match-all</a>]: Unknown modifier '[' in [/Users/finngrimwood/Sites/MB/app/views/helpers/filter.php, line 6]
2011-07-14 15:51:02 Warning: Warning (2): preg_match_all() [<a href='http://php.net/function.preg-match-all'>function.preg-match-all</a>]: Unknown modifier '[' in [/Users/finngrimwood/Sites/MB/app/views/helpers/filter.php, line 6]
2011-07-14 15:52:28 Warning: Warning (2): preg_match_all() [<a href='http://php.net/function.preg-match-all'>function.preg-match-all</a>]: Unknown modifier '[' in [/Users/finngrimwood/Sites/MB/app/views/helpers/filter.php, line 6]
2011-07-14 15:53:47 Warning: Warning (2): preg_match_all() [<a href='http://php.net/function.preg-match-all'>function.preg-match-all</a>]: Delimiter must not be alphanumeric or backslash in [/Users/finngrimwood/Sites/MB/app/views/helpers/filter.php, line 6]
2011-07-14 15:53:55 Warning: Warning (2): preg_match_all() [<a href='http://php.net/function.preg-match-all'>function.preg-match-all</a>]: Unknown modifier '[' in [/Users/finngrimwood/Sites/MB/app/views/helpers/filter.php, line 6]
2011-07-14 15:54:28 Warning: Warning (2): preg_match() [<a href='http://php.net/function.preg-match'>function.preg-match</a>]: Invalid flags specified in [/Users/finngrimwood/Sites/MB/app/views/helpers/filter.php, line 6]
2011-07-15 00:51:39 Warning: Warning (2): preg_match() [<a href='http://php.net/function.preg-match'>function.preg-match</a>]: Unknown modifier '[' in [/Users/finngrimwood/Sites/MB/app/views/helpers/filter.php, line 6]
2011-07-15 00:51:43 Warning: Warning (2): preg_match() [<a href='http://php.net/function.preg-match'>function.preg-match</a>]: Unknown modifier '[' in [/Users/finngrimwood/Sites/MB/app/views/helpers/filter.php, line 6]
2011-07-15 00:52:14 Warning: Warning (2): preg_match() [<a href='http://php.net/function.preg-match'>function.preg-match</a>]: Unknown modifier '[' in [/Users/finngrimwood/Sites/MB/app/views/helpers/filter.php, line 6]
2011-07-15 13:16:46 Warning: Warning (2): preg_match() [<a href='http://php.net/function.preg-match'>function.preg-match</a>]: Unknown modifier '[' in [/Users/finngrimwood/Sites/MB/app/views/helpers/filter.php, line 6]
2011-07-15 13:16:51 Warning: Warning (2): preg_match() [<a href='http://php.net/function.preg-match'>function.preg-match</a>]: Unknown modifier '[' in [/Users/finngrimwood/Sites/MB/app/views/helpers/filter.php, line 6]
2011-07-15 13:36:47 Warning: Warning (2): preg_match() [<a href='http://php.net/function.preg-match'>function.preg-match</a>]: Unknown modifier '[' in [/Users/finngrimwood/Sites/MB/app/views/helpers/filter.php, line 6]
2011-07-15 14:05:04 Warning: Warning (2): file_get_contents() [<a href='http://php.net/function.file-get-contents'>function.file-get-contents</a>]: Filename cannot be empty in [/Users/finngrimwood/Sites/MB/app/views/helpers/battlenet.php, line 42]
2011-07-15 14:16:24 Warning: Warning (2): file_get_contents() [<a href='http://php.net/function.file-get-contents'>function.file-get-contents</a>]: Filename cannot be empty in [/Users/finngrimwood/Sites/MB/app/views/helpers/battlenet.php, line 42]
2011-07-15 14:16:25 Warning: Warning (2): file_get_contents() [<a href='http://php.net/function.file-get-contents'>function.file-get-contents</a>]: Filename cannot be empty in [/Users/finngrimwood/Sites/MB/app/views/helpers/battlenet.php, line 42]
2011-07-15 14:16:25 Warning: Warning (2): file_get_contents() [<a href='http://php.net/function.file-get-contents'>function.file-get-contents</a>]: Filename cannot be empty in [/Users/finngrimwood/Sites/MB/app/views/helpers/battlenet.php, line 42]
2011-07-15 14:16:49 Warning: Warning (2): file_get_contents() [<a href='http://php.net/function.file-get-contents'>function.file-get-contents</a>]: Filename cannot be empty in [/Users/finngrimwood/Sites/MB/app/views/helpers/battlenet.php, line 42]
2011-07-15 18:01:59 Warning: Warning (2): Invalid argument supplied for foreach() in [/Users/finngrimwood/Sites/MB/app/views/elements/menu.ctp, line 3]
2011-07-15 18:02:25 Warning: Warning (2): Invalid argument supplied for foreach() in [/Users/finngrimwood/Sites/MB/app/views/elements/menu.ctp, line 3]
2011-07-17 19:10:39 Warning: Warning (2): file_get_contents() [<a href='http://php.net/function.file-get-contents'>function.file-get-contents</a>]: php_network_getaddresses: getaddrinfo failed: nodename nor servname provided, or not known in [/Users/finngrimwood/Sites/MB/app/views/helpers/battlenet.php, line 42]
2011-07-17 19:10:39 Warning: Warning (2): file_get_contents(http://eu.battle.net/sc2/en/profile/1209066/1/Soviet/) [<a href='http://php.net/function.file-get-contents'>function.file-get-contents</a>]: failed to open stream: php_network_getaddresses: getaddrinfo failed: nodename nor servname provided, or not known in [/Users/finngrimwood/Sites/MB/app/views/helpers/battlenet.php, line 42]
2011-07-17 22:06:26 Warning: Warning (2): file_get_contents() [<a href='http://php.net/function.file-get-contents'>function.file-get-contents</a>]: php_network_getaddresses: getaddrinfo failed: nodename nor servname provided, or not known in [/Users/finngrimwood/Sites/MB/app/views/helpers/battlenet.php, line 42]
2011-07-17 22:06:26 Warning: Warning (2): file_get_contents(http://eu.battle.net/sc2/en/profile/1209066/1/Soviet/) [<a href='http://php.net/function.file-get-contents'>function.file-get-contents</a>]: failed to open stream: php_network_getaddresses: getaddrinfo failed: nodename nor servname provided, or not known in [/Users/finngrimwood/Sites/MB/app/views/helpers/battlenet.php, line 42]
2011-07-17 22:11:10 Warning: Warning (2): file_get_contents() [<a href='http://php.net/function.file-get-contents'>function.file-get-contents</a>]: php_network_getaddresses: getaddrinfo failed: nodename nor servname provided, or not known in [/Users/finngrimwood/Sites/MB/app/views/helpers/battlenet.php, line 42]
2011-07-17 22:11:10 Warning: Warning (2): file_get_contents(http://eu.battle.net/sc2/en/profile/1209066/1/Soviet/) [<a href='http://php.net/function.file-get-contents'>function.file-get-contents</a>]: failed to open stream: php_network_getaddresses: getaddrinfo failed: nodename nor servname provided, or not known in [/Users/finngrimwood/Sites/MB/app/views/helpers/battlenet.php, line 42]
2011-07-17 22:11:15 Warning: Warning (2): file_get_contents() [<a href='http://php.net/function.file-get-contents'>function.file-get-contents</a>]: php_network_getaddresses: getaddrinfo failed: nodename nor servname provided, or not known in [/Users/finngrimwood/Sites/MB/app/views/helpers/battlenet.php, line 42]
2011-07-17 22:11:15 Warning: Warning (2): file_get_contents(http://eu.battle.net/sc2/en/profile/1209066/1/Soviet/) [<a href='http://php.net/function.file-get-contents'>function.file-get-contents</a>]: failed to open stream: php_network_getaddresses: getaddrinfo failed: nodename nor servname provided, or not known in [/Users/finngrimwood/Sites/MB/app/views/helpers/battlenet.php, line 42]
2011-07-17 23:07:20 Warning: Warning (2): Cannot modify header information - headers already sent by (output started at /Users/finngrimwood/Sites/MB/cake/libs/debugger.php:673) in [/Users/finngrimwood/Sites/MB/cake/libs/controller/controller.php, line 746]
2011-07-18 01:19:09 Warning: Warning (2): Invalid argument supplied for foreach() in [/Users/finngrimwood/Sites/MB/app/views/elements/menu.ctp, line 3]
2011-07-18 01:38:12 Warning: Warning (2): Invalid argument supplied for foreach() in [/Users/finngrimwood/Sites/MB/app/views/elements/menu.ctp, line 3]
2011-07-19 00:06:50 Warning: Warning (512): <span style="color:Red;text-align:left"><b>SQL Error:</b> 1064: You have an error in your SQL syntax; check the manual that corresponds to your MySQL server version for the right syntax to use near 'DISTINCT `User`.`name`' at line 1</span> in [/Users/finngrimwood/Sites/MB/cake/libs/model/datasources/dbo_source.php, line 684]
2011-07-19 00:07:01 Warning: Warning (512): <span style="color:Red;text-align:left"><b>SQL Error:</b> 1064: You have an error in your SQL syntax; check the manual that corresponds to your MySQL server version for the right syntax to use near 'DISTINCT `Log`.`user_id`' at line 1</span> in [/Users/finngrimwood/Sites/MB/cake/libs/model/datasources/dbo_source.php, line 684]
2011-07-19 00:07:03 Warning: Warning (512): <span style="color:Red;text-align:left"><b>SQL Error:</b> 1064: You have an error in your SQL syntax; check the manual that corresponds to your MySQL server version for the right syntax to use near 'DISTINCT `Log`.`user_id`' at line 1</span> in [/Users/finngrimwood/Sites/MB/cake/libs/model/datasources/dbo_source.php, line 684]
2011-07-19 00:07:50 Warning: Warning (512): <span style="color:Red;text-align:left"><b>SQL Error:</b> 1054: Unknown column 'User.userid' in 'field list'</span> in [/Users/finngrimwood/Sites/MB/cake/libs/model/datasources/dbo_source.php, line 684]
2011-07-19 00:10:49 Warning: Warning (512): <span style="color:Red;text-align:left"><b>SQL Error:</b> 1054: Unknown column 'Log.datetime' in 'field list'</span> in [/Users/finngrimwood/Sites/MB/cake/libs/model/datasources/dbo_source.php, line 684]
2011-07-19 00:10:50 Warning: Warning (512): <span style="color:Red;text-align:left"><b>SQL Error:</b> 1054: Unknown column 'Log.datetime' in 'field list'</span> in [/Users/finngrimwood/Sites/MB/cake/libs/model/datasources/dbo_source.php, line 684]
2011-07-19 00:13:08 Warning: Warning (512): <span style="color:Red;text-align:left"><b>SQL Error:</b> 1054: Unknown column 'Log.user_id as user_id' in 'field list'</span> in [/Users/finngrimwood/Sites/MB/cake/libs/model/datasources/dbo_source.php, line 684]
2011-07-19 00:13:09 Warning: Warning (2): Invalid argument supplied for foreach() in [/Users/finngrimwood/Sites/MB/app/views/layouts/default.ctp, line 28]
2011-07-19 01:22:51 Warning: Warning (512): <span style="color:Red;text-align:left"><b>SQL Error:</b> 1064: You have an error in your SQL syntax; check the manual that corresponds to your MySQL server version for the right syntax to use near 'DISTINCT `Log`.`user_id` FROM `mb_logs` AS `Log` LEFT JOIN `mb_users` AS `User` ' at line 1</span> in [/Users/finngrimwood/Sites/MB/cake/libs/model/datasources/dbo_source.php, line 684]
2011-07-19 01:22:51 Warning: Warning (2): Invalid argument supplied for foreach() in [/Users/finngrimwood/Sites/MB/app/views/layouts/default.ctp, line 28]
2011-07-19 01:27:19 Warning: Warning (512): <span style="color:Red;text-align:left"><b>SQL Error:</b> 1064: You have an error in your SQL syntax; check the manual that corresponds to your MySQL server version for the right syntax to use near 'DISTINCT `User`.`username` FROM `mb_logs` AS `Log` LEFT JOIN `mb_users` AS `User' at line 1</span> in [/Users/finngrimwood/Sites/MB/cake/libs/model/datasources/dbo_source.php, line 684]
2011-07-19 01:27:19 Warning: Warning (2): Invalid argument supplied for foreach() in [/Users/finngrimwood/Sites/MB/app/views/layouts/default.ctp, line 28]
2011-07-19 01:41:22 Warning: Warning (2): Invalid argument supplied for foreach() in [/Users/finngrimwood/Sites/MB/app/views/layouts/default.ctp, line 28]
2011-07-19 01:52:32 Warning: Warning (2): Invalid argument supplied for foreach() in [/Users/finngrimwood/Sites/MB/cake/libs/model/model.php, line 578]
2011-07-19 02:04:30 Warning: Warning (2): Invalid argument supplied for foreach() in [/Users/finngrimwood/Sites/MB/app/views/elements/menu.ctp, line 3]
2011-07-19 02:04:30 Warning: Warning (2): Invalid argument supplied for foreach() in [/Users/finngrimwood/Sites/MB/app/views/layouts/default.ctp, line 29]
2011-07-23 20:52:51 Warning: Warning (2): Invalid argument supplied for foreach() in [/Users/finngrimwood/Sites/MB/app/views/elements/menu.ctp, line 3]
2011-07-23 22:38:38 Warning: Warning (2): Invalid argument supplied for foreach() in [/Users/finngrimwood/Sites/MB/app/views/elements/menu.ctp, line 3]
2011-07-24 20:33:04 Warning: Warning (2): Invalid argument supplied for foreach() in [/Users/finngrimwood/Sites/MB/app/views/elements/menu.ctp, line 3]
2011-07-24 20:40:29 Warning: Warning (2): Invalid argument supplied for foreach() in [/Users/finngrimwood/Sites/MB/app/views/elements/menu.ctp, line 3]
2011-07-24 20:40:29 Warning: Warning (2): Invalid argument supplied for foreach() in [/Users/finngrimwood/Sites/MB/app/views/layouts/default.ctp, line 30]
2011-07-24 20:41:34 Warning: Warning (2): Invalid argument supplied for foreach() in [/Users/finngrimwood/Sites/MB/app/views/elements/menu.ctp, line 3]
2011-07-24 20:41:35 Warning: Warning (2): Invalid argument supplied for foreach() in [/Users/finngrimwood/Sites/MB/app/views/layouts/default.ctp, line 30]
2011-07-24 20:41:40 Warning: Warning (2): Invalid argument supplied for foreach() in [/Users/finngrimwood/Sites/MB/app/views/elements/menu.ctp, line 3]
2011-07-24 20:41:40 Warning: Warning (2): Invalid argument supplied for foreach() in [/Users/finngrimwood/Sites/MB/app/views/layouts/default.ctp, line 30]
2011-07-24 20:44:22 Warning: Warning (2): Invalid argument supplied for foreach() in [/Users/finngrimwood/Sites/MB/app/views/elements/menu.ctp, line 3]
2011-07-24 20:44:22 Warning: Warning (2): Invalid argument supplied for foreach() in [/Users/finngrimwood/Sites/MB/app/views/layouts/default.ctp, line 30]
2011-07-24 20:46:26 Warning: Warning (512): <span style="color:Red;text-align:left"><b>SQL Error:</b> 1064: You have an error in your SQL syntax; check the manual that corresponds to your MySQL server version for the right syntax to use near 'moveUp' at line 1</span> in [/Users/finngrimwood/Sites/MB/cake/libs/model/datasources/dbo_source.php, line 684]
2011-07-24 20:47:26 Warning: Warning (512): <span style="color:Red;text-align:left"><b>SQL Error:</b> 1064: You have an error in your SQL syntax; check the manual that corresponds to your MySQL server version for the right syntax to use near 'moveUp' at line 1</span> in [/Users/finngrimwood/Sites/MB/cake/libs/model/datasources/dbo_source.php, line 684]
2011-07-26 18:22:28 Warning: Warning (2): Invalid argument supplied for foreach() in [/Users/finngrimwood/Sites/MB/app/views/elements/menu.ctp, line 3]
2011-07-26 18:22:28 Warning: Warning (2): Invalid argument supplied for foreach() in [/Users/finngrimwood/Sites/MB/app/views/layouts/default.ctp, line 28]
2011-07-26 18:22:49 Warning: Warning (2): Invalid argument supplied for foreach() in [/Users/finngrimwood/Sites/MB/app/views/elements/menu.ctp, line 3]
2011-07-26 18:22:49 Warning: Warning (2): Invalid argument supplied for foreach() in [/Users/finngrimwood/Sites/MB/app/views/layouts/default.ctp, line 28]
2011-07-27 20:33:47 Warning: Warning (2): Invalid argument supplied for foreach() in [/Users/finngrimwood/Sites/MB/app/views/elements/menu.ctp, line 3]
2011-07-27 20:33:47 Warning: Warning (2): Invalid argument supplied for foreach() in [/Users/finngrimwood/Sites/MB/app/views/layouts/default.ctp, line 28]
2011-07-27 20:33:55 Warning: Warning (2): Invalid argument supplied for foreach() in [/Users/finngrimwood/Sites/MB/app/views/elements/menu.ctp, line 3]
2011-07-27 20:33:55 Warning: Warning (2): Invalid argument supplied for foreach() in [/Users/finngrimwood/Sites/MB/app/views/layouts/default.ctp, line 28]
2011-07-27 20:34:33 Warning: Warning (2): Invalid argument supplied for foreach() in [/Users/finngrimwood/Sites/MB/app/views/elements/menu.ctp, line 3]
2011-07-27 20:34:33 Warning: Warning (2): Invalid argument supplied for foreach() in [/Users/finngrimwood/Sites/MB/app/views/layouts/default.ctp, line 28]
2011-07-27 20:34:36 Warning: Warning (2): Invalid argument supplied for foreach() in [/Users/finngrimwood/Sites/MB/app/views/elements/menu.ctp, line 3]
2011-07-27 20:34:36 Warning: Warning (2): Invalid argument supplied for foreach() in [/Users/finngrimwood/Sites/MB/app/views/layouts/default.ctp, line 28]
2011-07-27 20:35:00 Warning: Warning (2): Invalid argument supplied for foreach() in [/Users/finngrimwood/Sites/MB/app/views/elements/menu.ctp, line 3]
2011-07-27 20:35:00 Warning: Warning (2): Invalid argument supplied for foreach() in [/Users/finngrimwood/Sites/MB/app/views/layouts/default.ctp, line 28]
2011-07-27 20:35:13 Warning: Warning (2): Invalid argument supplied for foreach() in [/Users/finngrimwood/Sites/MB/app/views/elements/menu.ctp, line 3]
2011-07-27 20:35:13 Warning: Warning (2): Invalid argument supplied for foreach() in [/Users/finngrimwood/Sites/MB/app/views/layouts/default.ctp, line 28]
2011-07-27 21:30:51 Warning: Warning (2): min() [<a href='http://php.net/function.min'>function.min</a>]: Array must contain at least one element in [/Users/finngrimwood/Sites/MB/app/views/helpers/chart.php, line 70]
2011-07-27 21:30:51 Warning: Warning (2): max() [<a href='http://php.net/function.max'>function.max</a>]: Array must contain at least one element in [/Users/finngrimwood/Sites/MB/app/views/helpers/chart.php, line 70]
2011-07-27 22:30:26 Warning: Warning (2): Invalid argument supplied for foreach() in [/Users/finngrimwood/Sites/MB/app/views/elements/menu.ctp, line 3]
2011-07-27 22:30:26 Warning: Warning (2): Invalid argument supplied for foreach() in [/Users/finngrimwood/Sites/MB/app/views/layouts/default.ctp, line 28]
2011-07-27 22:34:11 Warning: Warning (2): min() [<a href='http://php.net/function.min'>function.min</a>]: Array must contain at least one element in [/Users/finngrimwood/Sites/MB/app/views/helpers/chart.php, line 70]
2011-07-27 22:34:11 Warning: Warning (2): max() [<a href='http://php.net/function.max'>function.max</a>]: Array must contain at least one element in [/Users/finngrimwood/Sites/MB/app/views/helpers/chart.php, line 70]
2011-07-27 22:35:40 Warning: Warning (2): min() [<a href='http://php.net/function.min'>function.min</a>]: Array must contain at least one element in [/Users/finngrimwood/Sites/MB/app/views/helpers/chart.php, line 70]
2011-07-27 22:35:40 Warning: Warning (2): max() [<a href='http://php.net/function.max'>function.max</a>]: Array must contain at least one element in [/Users/finngrimwood/Sites/MB/app/views/helpers/chart.php, line 70]
2011-07-27 22:38:09 Warning: Warning (2): min() [<a href='http://php.net/function.min'>function.min</a>]: Array must contain at least one element in [/Users/finngrimwood/Sites/MB/app/views/helpers/chart.php, line 70]
2011-07-27 22:38:09 Warning: Warning (2): max() [<a href='http://php.net/function.max'>function.max</a>]: Array must contain at least one element in [/Users/finngrimwood/Sites/MB/app/views/helpers/chart.php, line 70]
2011-07-27 23:10:12 Warning: Warning (2): min() [<a href='http://php.net/function.min'>function.min</a>]: Array must contain at least one element in [/Users/finngrimwood/Sites/MB/app/views/helpers/chart.php, line 70]
2011-07-27 23:10:12 Warning: Warning (2): max() [<a href='http://php.net/function.max'>function.max</a>]: Array must contain at least one element in [/Users/finngrimwood/Sites/MB/app/views/helpers/chart.php, line 70]
2011-07-27 23:10:28 Warning: Warning (2): min() [<a href='http://php.net/function.min'>function.min</a>]: Array must contain at least one element in [/Users/finngrimwood/Sites/MB/app/views/helpers/chart.php, line 70]
2011-07-27 23:10:28 Warning: Warning (2): max() [<a href='http://php.net/function.max'>function.max</a>]: Array must contain at least one element in [/Users/finngrimwood/Sites/MB/app/views/helpers/chart.php, line 70]
2011-07-27 23:11:21 Warning: Warning (2): min() [<a href='http://php.net/function.min'>function.min</a>]: Array must contain at least one element in [/Users/finngrimwood/Sites/MB/app/views/helpers/chart.php, line 70]
2011-07-27 23:11:21 Warning: Warning (2): max() [<a href='http://php.net/function.max'>function.max</a>]: Array must contain at least one element in [/Users/finngrimwood/Sites/MB/app/views/helpers/chart.php, line 70]
2011-07-27 23:11:22 Warning: Warning (2): min() [<a href='http://php.net/function.min'>function.min</a>]: Array must contain at least one element in [/Users/finngrimwood/Sites/MB/app/views/helpers/chart.php, line 70]
2011-07-27 23:11:22 Warning: Warning (2): max() [<a href='http://php.net/function.max'>function.max</a>]: Array must contain at least one element in [/Users/finngrimwood/Sites/MB/app/views/helpers/chart.php, line 70]
2011-07-27 23:12:01 Warning: Warning (2): min() [<a href='http://php.net/function.min'>function.min</a>]: Array must contain at least one element in [/Users/finngrimwood/Sites/MB/app/views/helpers/chart.php, line 70]
2011-07-27 23:12:01 Warning: Warning (2): max() [<a href='http://php.net/function.max'>function.max</a>]: Array must contain at least one element in [/Users/finngrimwood/Sites/MB/app/views/helpers/chart.php, line 70]
2011-07-27 23:12:02 Warning: Warning (2): min() [<a href='http://php.net/function.min'>function.min</a>]: Array must contain at least one element in [/Users/finngrimwood/Sites/MB/app/views/helpers/chart.php, line 70]
2011-07-27 23:12:02 Warning: Warning (2): max() [<a href='http://php.net/function.max'>function.max</a>]: Array must contain at least one element in [/Users/finngrimwood/Sites/MB/app/views/helpers/chart.php, line 70]
2011-07-27 23:12:22 Warning: Warning (2): min() [<a href='http://php.net/function.min'>function.min</a>]: Array must contain at least one element in [/Users/finngrimwood/Sites/MB/app/views/helpers/chart.php, line 70]
2011-07-27 23:12:22 Warning: Warning (2): max() [<a href='http://php.net/function.max'>function.max</a>]: Array must contain at least one element in [/Users/finngrimwood/Sites/MB/app/views/helpers/chart.php, line 70]
2011-07-27 23:12:36 Warning: Warning (2): min() [<a href='http://php.net/function.min'>function.min</a>]: Array must contain at least one element in [/Users/finngrimwood/Sites/MB/app/views/helpers/chart.php, line 70]
2011-07-27 23:12:36 Warning: Warning (2): max() [<a href='http://php.net/function.max'>function.max</a>]: Array must contain at least one element in [/Users/finngrimwood/Sites/MB/app/views/helpers/chart.php, line 70]
2011-07-27 23:12:37 Warning: Warning (2): min() [<a href='http://php.net/function.min'>function.min</a>]: Array must contain at least one element in [/Users/finngrimwood/Sites/MB/app/views/helpers/chart.php, line 70]
2011-07-27 23:12:37 Warning: Warning (2): max() [<a href='http://php.net/function.max'>function.max</a>]: Array must contain at least one element in [/Users/finngrimwood/Sites/MB/app/views/helpers/chart.php, line 70]
2011-07-27 23:12:40 Warning: Warning (2): min() [<a href='http://php.net/function.min'>function.min</a>]: Array must contain at least one element in [/Users/finngrimwood/Sites/MB/app/views/helpers/chart.php, line 70]
2011-07-27 23:12:40 Warning: Warning (2): max() [<a href='http://php.net/function.max'>function.max</a>]: Array must contain at least one element in [/Users/finngrimwood/Sites/MB/app/views/helpers/chart.php, line 70]
2011-07-27 23:13:27 Warning: Warning (2): min() [<a href='http://php.net/function.min'>function.min</a>]: Array must contain at least one element in [/Users/finngrimwood/Sites/MB/app/views/helpers/chart.php, line 70]
2011-07-27 23:13:27 Warning: Warning (2): max() [<a href='http://php.net/function.max'>function.max</a>]: Array must contain at least one element in [/Users/finngrimwood/Sites/MB/app/views/helpers/chart.php, line 70]
2011-07-27 23:14:18 Warning: Warning (2): Invalid argument supplied for foreach() in [/Users/finngrimwood/Sites/MB/app/views/elements/menu.ctp, line 3]
2011-07-27 23:14:18 Warning: Warning (2): Invalid argument supplied for foreach() in [/Users/finngrimwood/Sites/MB/app/views/layouts/default.ctp, line 28]
2011-07-27 23:17:45 Warning: Warning (2): min() [<a href='http://php.net/function.min'>function.min</a>]: Array must contain at least one element in [/Users/finngrimwood/Sites/MB/app/views/helpers/chart.php, line 70]
2011-07-27 23:17:45 Warning: Warning (2): max() [<a href='http://php.net/function.max'>function.max</a>]: Array must contain at least one element in [/Users/finngrimwood/Sites/MB/app/views/helpers/chart.php, line 70]
2011-07-27 23:19:59 Warning: Warning (2): min() [<a href='http://php.net/function.min'>function.min</a>]: Array must contain at least one element in [/Users/finngrimwood/Sites/MB/app/views/helpers/chart.php, line 70]
2011-07-27 23:19:59 Warning: Warning (2): max() [<a href='http://php.net/function.max'>function.max</a>]: Array must contain at least one element in [/Users/finngrimwood/Sites/MB/app/views/helpers/chart.php, line 70]
2011-07-27 23:20:10 Warning: Warning (2): min() [<a href='http://php.net/function.min'>function.min</a>]: Array must contain at least one element in [/Users/finngrimwood/Sites/MB/app/views/helpers/chart.php, line 70]
2011-07-27 23:20:10 Warning: Warning (2): max() [<a href='http://php.net/function.max'>function.max</a>]: Array must contain at least one element in [/Users/finngrimwood/Sites/MB/app/views/helpers/chart.php, line 70]
2011-07-27 23:20:33 Warning: Warning (2): min() [<a href='http://php.net/function.min'>function.min</a>]: Array must contain at least one element in [/Users/finngrimwood/Sites/MB/app/views/helpers/chart.php, line 70]
2011-07-27 23:20:33 Warning: Warning (2): max() [<a href='http://php.net/function.max'>function.max</a>]: Array must contain at least one element in [/Users/finngrimwood/Sites/MB/app/views/helpers/chart.php, line 70]
2011-07-27 23:23:39 Warning: Warning (2): min() [<a href='http://php.net/function.min'>function.min</a>]: Array must contain at least one element in [/Users/finngrimwood/Sites/MB/app/views/helpers/chart.php, line 70]
2011-07-27 23:23:55 Warning: Warning (2): min() [<a href='http://php.net/function.min'>function.min</a>]: Array must contain at least one element in [/Users/finngrimwood/Sites/MB/app/views/helpers/chart.php, line 70]
2011-07-27 23:23:56 Warning: Warning (2): min() [<a href='http://php.net/function.min'>function.min</a>]: Array must contain at least one element in [/Users/finngrimwood/Sites/MB/app/views/helpers/chart.php, line 70]
2011-07-27 23:24:14 Warning: Warning (2): min() [<a href='http://php.net/function.min'>function.min</a>]: Array must contain at least one element in [/Users/finngrimwood/Sites/MB/app/views/helpers/chart.php, line 70]
2011-07-27 23:24:15 Warning: Warning (2): min() [<a href='http://php.net/function.min'>function.min</a>]: Array must contain at least one element in [/Users/finngrimwood/Sites/MB/app/views/helpers/chart.php, line 70]
2011-07-27 23:24:31 Warning: Warning (2): min() [<a href='http://php.net/function.min'>function.min</a>]: Array must contain at least one element in [/Users/finngrimwood/Sites/MB/app/views/helpers/chart.php, line 70]
2011-07-27 23:24:32 Warning: Warning (2): min() [<a href='http://php.net/function.min'>function.min</a>]: Array must contain at least one element in [/Users/finngrimwood/Sites/MB/app/views/helpers/chart.php, line 70]
2011-07-28 00:07:06 Warning: Warning (512): <span style="color:Red;text-align:left"><b>SQL Error:</b> 1054: Unknown column 'Rank.name' in 'where clause'</span> in [/Users/finngrimwood/Sites/MB/cake/libs/model/datasources/dbo_source.php, line 684]
2011-07-28 01:06:03 Warning: Warning (2): Invalid argument supplied for foreach() in [/Users/finngrimwood/Sites/MB/app/views/elements/menu.ctp, line 3]
2011-07-28 01:06:03 Warning: Warning (2): Invalid argument supplied for foreach() in [/Users/finngrimwood/Sites/MB/app/views/layouts/default.ctp, line 28]
2011-07-28 22:25:03 Warning: Warning (2): mysql_connect() [<a href='http://php.net/function.mysql-connect'>function.mysql-connect</a>]: Access denied for user 'finnsoviet'@'localhost' (using password: YES) in [/Applications/XAMPP/xamppfiles/htdocs/MB/cake/libs/model/datasources/dbo/dbo_mysql.php, line 552]
2011-07-28 22:25:03 Warning: Warning (2): mysql_select_db() expects parameter 2 to be resource, boolean given in [/Applications/XAMPP/xamppfiles/htdocs/MB/cake/libs/model/datasources/dbo/dbo_mysql.php, line 558]
2011-07-28 22:25:03 Warning: Warning (2): mysql_get_server_info() expects parameter 1 to be resource, boolean given in [/Applications/XAMPP/xamppfiles/htdocs/MB/cake/libs/model/datasources/dbo/dbo_mysql.php, line 566]
2011-07-28 22:25:03 Warning: Warning (2): mysql_query() expects parameter 2 to be resource, boolean given in [/Applications/XAMPP/xamppfiles/htdocs/MB/cake/libs/model/datasources/dbo/dbo_mysql.php, line 600]
2011-07-28 22:25:03 Warning: Warning (2): Cannot modify header information - headers already sent by (output started at /Applications/XAMPP/xamppfiles/htdocs/MB/cake/libs/debugger.php:673) in [/Applications/XAMPP/xamppfiles/htdocs/MB/cake/libs/controller/controller.php, line 746]
2011-07-28 22:25:04 Warning: Warning (2): Invalid argument supplied for foreach() in [/Applications/XAMPP/xamppfiles/htdocs/MB/app/views/elements/menu.ctp, line 3]
2011-07-28 22:25:04 Warning: Warning (2): Invalid argument supplied for foreach() in [/Applications/XAMPP/xamppfiles/htdocs/MB/app/views/layouts/default.ctp, line 28]
